Checking for deprecated package usage... OK
Checking for remote package usage... OK
Checking for 'LazyData: true' usage... OK
Checking version number... OK
Checking version number validity... OK
Checking R version dependency... OK
Checking package size... OK
Checking individual file sizes... OK
Checking biocViews... OK
Checking that biocViews are present... OK
Checking package type based on biocViews... OK
Checking for non-trivial biocViews... OK
Checking that biocViews come from the same category... OK
Checking biocViews validity... OK
Checking for recommended biocViews... OK
Checking build system compatibility... OK
Checking for proper Description: field... OK
Checking if DESCRIPTION is well formatted... OK
Checking for whitespace in DESCRIPTION field names... OK
Checking that Package field matches directory/tarball name... OK
Checking for Version: field... OK
Checking for valid maintainer... OK
Checking License: for restrictive use... OK
Checking for recommended DESCRIPTION fields...
Provide 'URL', 'BugReports' field(s) in DESCRIPTION
Checking for Bioconductor software dependencies... OK
Checking for pinned package versions in DESCRIPTION... OK
Checking for 'fnd' role in Authors@R...
No 'fnd' role found in Authors@R. If the work is supported
        by a grant, consider adding the 'fnd' role to the list of authors.
Checking .Rbuildignore... OK
Checking for stray BiocCheck output folders... OK
Checking for inst/doc folders... OK
Checking vignette directory... OK
Checking package installation calls in R code... OK
Checking for library/require of looplook... OK
Checking coding practice... OK
Checking parsed R code in R directory, examples, vignettes... OK
Checking function lengths...
The recommended function length is 50 lines or less. There are 16 functions greater than 50 lines.
The longest 5 functions are:
refine_loop_anchors_by_expression() (R/annotation.R): 298 lines
plot_peaks_interactions() (R/visualization.R): 262 lines
annotate_peaks_and_loops() (R/annotation.R): 253 lines
profile_target_genes() (R/analysis.R): 177 lines
consolidate_chromatin_loops() (R/data_processing.R): 175 lines
Checking man page documentation... OK
Checking package NEWS... OK
Checking unit tests... OK
Checking skip_on_bioc() in tests... OK
Checking formatting of DESCRIPTION, NAMESPACE, man pages, R source, and vignette source...
Consider shorter lines; 490 lines (13%) are > 80 characters long.
First few lines:
R/analysis.R#L3 #' Performs an integrated downstream ana ...
R/analysis.R#L7 #' This function acts as an automated pi ...
R/analysis.R#L8 #' with transcriptomic data (RNA-seq). I ...
R/analysis.R#L9 #' Enhancer-Promoter or Promoter-Promote ...
R/analysis.R#L12 #'   \item \strong{Differential Expressi ...
R/analysis.R#L13 #'   \item \strong{Functional Enrichment ...
R/analysis.R#L14 #'   \item \strong{Expression Clustering ...
R/analysis.R#L15 #'   \item \strong{Interaction Networks: ...
R/analysis.R#L21 #'   \item \strong{Target Extraction:} I ...
R/analysis.R#L22 #'   \item \strong{LFC Profiling:} Check ...
R/analysis.R#L23 #'   \item \strong{Enrichment Analysis:} ...
R/analysis.R#L24 #'   \item \strong{Visualization:} Produ ...
R/analysis.R#L26 #' Robust error handling (`tryCatch`) is ...
R/analysis.R#L28 #' @param annotation_res List. The resul ...
R/analysis.R#L29 #' @param use_filtered Logical. If \code ...
R/analysis.R#L30 #' @param diff_file Character. Path to t ...
R/analysis.R#L31 #' @param lfc_col Character. The column  ...
R/analysis.R#L32 #' @param tpm_file Character. Path to th ...
R/analysis.R#L33 #' @param metadata_file Character. Path  ...
R/analysis.R#L37 #'     \item \code{"cluster"}: Genes ass ...
R/analysis.R#L39 #' @param loop_types Character vector. T ...
R/analysis.R#L40 #' @param include_direct Logical. Whethe ...
R/analysis.R#L41 #' @param group_order Character vector.  ...
R/analysis.R#L44 #' @param org_db Character. Annotation d ...
R/analysis.R#L46 #' @param run_ppi Logical. Whether to ru ...
R/analysis.R#L47 #' @param ppi_score Numeric. Minimum con ...
R/analysis.R#L48 #' @param ppi_ntop Numeric. Max number o ...
R/analysis.R#L49 #' @param heatmap_ntop Numeric. Max numb ...
R/analysis.R#L51 #' @param cnet_ntop Numeric. Number of t ...
R/analysis.R#L52 #' @param stat_test Character. Statistic ...
R/analysis.R#L53 #' @param cor_method Character. Correlat ...
R/analysis.R#L57 #'   \item \code{go_results}: A list of  ...
R/analysis.R#L58 #'   \item \code{target_gene_sets}: The  ...
R/analysis.R#L118 #' # [CRITICAL FIX] Populate BOTH 'loop_ ...
R/analysis.R#L119 #' # This ensures extract_target_gene_se ...
R/analysis.R#L189   if (!requireNamespace("RColorBrewer",  ...
R/analysis.R#L190   if (!requireNamespace("ggplot2", quiet ...
R/analysis.R#L194   # [CRITICAL FIX] Ensure min_cols=1 is  ...
R/analysis.R#L195   diff_df_raw <- read_robust_general(dif ...
R/analysis.R#L196   tpm_mat_raw <- read_robust_general(tpm ...
R/analysis.R#L197   meta_raw <- read_robust_general(metada ...
R/analysis.R#L207       stop(sprintf("❌ %s contains duplic ...
R/analysis.R#L216   if (!is.null(group_order)) meta_raw$Gr ...
R/analysis.R#L221   clean_diff <- diff_df_raw[!is.na(diff_ ...
R/analysis.R#L222   global_glist <- sort(setNames(clean_di ...
R/analysis.R#L226   raw_gene_sets <- extract_target_gene_s ...
R/analysis.R#L247     message("\n============== Analysis:  ...
R/analysis.R#L257         run_lfc_boxplot(target_genes, gl ...
R/analysis.R#L268         run_gsea_analysis(target_genes,  ...
R/analysis.R#L271         warning(" GSEA failed for ", tas ...
R/analysis.R#L278         run_heatmap_and_correlation(targ ...
R/analysis.R#L289           go_result <- run_go_enrichment ...
R/analysis.R#L291             write.csv(go_result, file.pa ...
R/analysis.R#L309           run_ppi_analysis(target_genes, ...
R/analysis.R#L331   invisible(list(go_results = all_go_res ...
R/analysis.R#L337 #' Safely reads standard genomic formats ...
R/analysis.R#L341 #' @param header Logical. Whether the fi ...
R/analysis.R#L350 read_robust_general <- function(f, heade ...
R/analysis.R#L363         d_dt <- data.table::fread(f, hea ...
R/analysis.R#L383         check.names = FALSE, stringsAsFa ...
R/analysis.R#L394         check.names = FALSE, stringsAsFa ...
R/analysis.R#L405         check.names = FALSE, stringsAsFa ...
R/analysis.R#L417     stop("❌ ", desc, " has insufficient  ...
R/analysis.R#L425 #' Parses loop and cluster annotations t ...
R/analysis.R#L426 #' ("overlap" from loop-gene overlap, "c ...
R/analysis.R#L428 #' @param annotation_res List output fro ...
R/analysis.R#L431 #' @param loop_types Character vector of ...
R/analysis.R#L432 #' @param include_direct Logical. If \co ...
R/analysis.R#L440 extract_target_gene_sets <- function(ann ...
R/analysis.R#L442   if ("overlap" %in% target_source && !i ...
R/analysis.R#L450           gs <- unique(trimws(unlist(str ...
R/analysis.R#L457   if ("cluster" %in% target_source && in ...
R/analysis.R#L459     sym_col <- if ("expressed_symbol" %i ...
R/analysis.R#L476 #' @param raw_gene_sets Named list. Outp ...
R/analysis.R#L477 #' @param loop_types Character vector. L ...
R/analysis.R#L485     if (!is.null(raw_gene_sets[[lt]])) a ...
R/analysis.R#L490     analysis_queue[[combined_name]] <- u ...
R/analysis.R#L503 #' Creates a violin + boxplot showing lo ...
R/analysis.R#L507 #' @param global_glist Named numeric vec ...
R/analysis.R#L515 run_lfc_boxplot <- function(target_genes ...
R/analysis.R#L518     Type = factor(ifelse(names(global_gl ...
R/analysis.R#L526   if (grepl("t\\.test", stat_test, ignor ...
R/analysis.R#L534   p_txt <- if (p_val_num < 2.2e-16) "p < ...
R/analysis.R#L541     scale_fill_manual(values = c("Backgr ...
R/analysis.R#L544     annotate("text", x = Inf, y = Inf, l ...
R/analysis.R#L545   ggsave(file.path(out_dir, paste0(curre ...
R/analysis.R#L558 #' @importFrom ggplot2 ggplot geom_line  ...
R/analysis.R#L561 run_gsea_analysis <- function(target_gen ...
R/analysis.R#L590   term_df <- data.frame(term = current_p ...
R/analysis.R#L663         title = paste0(current_proj_name ...
R/analysis.R#L678         geom_segment(aes(xend = x, yend  ...
R/analysis.R#L682         theme(panel.border = element_rec ...
R/analysis.R#L690     grad_colors <- if (requireNamespace( ...
R/analysis.R#L703       final_plot <- aplot::plot_list(p1, ...
R/analysis.R#L721 #' Produces a z-score scaled heatmap of  ...
R/analysis.R#L727 #' @param heatmap_ntop Max number of gen ...
R/analysis.R#L735 run_heatmap_and_correlation <- function( ...
R/analysis.R#L747   mat_plot <- log2(tpm_mat_raw[valid_t,  ...
R/analysis.R#L764   ha <- ComplexHeatmap::HeatmapAnnotatio ...
R/analysis.R#L767     show_row_names = (nrow(mat_scaled) < ...
R/analysis.R#L770   pdf(file.path(out_dir, paste0(current_ ...
R/analysis.R#L777       method_title <- paste0(toupper(sub ...
R/analysis.R#L778       pdf(file.path(out_dir, paste0(curr ...
R/analysis.R#L781         method = "color", order = "hclus ...
R/analysis.R#L782         type = "full", tl.pos = "n", col ...
R/analysis.R#L783         outline = FALSE, title = paste0( ...
R/analysis.R#L785       mtext(paste0(method_title, "\nInde ...
R/analysis.R#L794 #' Runs GO enrichment (Biological Proces ...
R/analysis.R#L799 #' @param global_glist Named log fold ch ...
R/analysis.R#L810 run_go_enrichment <- function(target_gen ...
R/analysis.R#L813       clusterProfiler::bitr(target_genes ...
R/analysis.R#L853           showCategory = top_n_cats, cex ...
R/analysis.R#L855           scale_color_gradient2(name = " ...
R/analysis.R#L858             subtitle = paste0("Top ", to ...
R/analysis.R#L860           theme(plot.title = element_tex ...
R/analysis.R#L861         ggsave(file.path(out_dir, paste0 ...
R/analysis.R#L872 #' Maps target genes to STRING, builds a ...
R/analysis.R#L877 #' @param org_db Organism database to in ...
R/analysis.R#L886 run_ppi_analysis <- function(target_gene ...
R/analysis.R#L889   string_db_obj <- STRINGdb::STRINGdb$ne ...
R/analysis.R#L894       ppi_genes <- head(valid_in_lfc[ord ...
R/analysis.R#L899   targets_mapped <- string_db_obj$map(da ...
R/analysis.R#L910   map_df <- targets_mapped[targets_mappe ...
R/analysis.R#L913   lfc_vals <- setNames(as.numeric(global ...
R/analysis.R#L917   if (is.null(igraph::E(g_string)$combin ...
R/analysis.R#L918   igraph::E(g_string)$combined_score <-  ...
R/analysis.R#L922   threshold_deg <- if (num_nodes > top_n ...
R/analysis.R#L923   igraph::V(g_string)$label_text <- ifel ...
R/analysis.R#L926     ggraph::geom_edge_link(aes(alpha = c ...
R/analysis.R#L932     scale_color_gradient2(low = "#313695 ...
R/analysis.R#L938       subtitle = paste0("Nodes: ", num_n ...
R/analysis.R#L941   ggsave(file.path(out_dir, paste0(curre ...
R/analysis.R#L946 #' Combines GO enrichment results from m ...
R/analysis.R#L949 #' @param all_go_results Named list of G ...
R/analysis.R#L956 #' @importFrom ggplot2 ggplot aes geom_s ...
R/analysis.R#L958 plot_summary_go_lollipop <- function(all ...
R/analysis.R#L970     dplyr::mutate(Description_unique = p ...
R/analysis.R#L972   final_go_df$Description_unique <- fact ...
R/analysis.R#L975     geom_segment(aes(x = 0, xend = logP, ...
R/analysis.R#L977     geom_path(aes(x = Count * scale_f, g ...
R/analysis.R#L980       name = expression(-log[10](p - val ...
R/analysis.R#L985     labs(y = NULL, title = "GO Enrichmen ...
R/analysis.R#L999   ggsave(file.path(out_dir, paste0(base_ ...
R/annotation.R#L13 # Standardize ChIPseeker output: extract ...
R/annotation.R#L25 #' @title Annotate Chromatin Loops, Iden ...
R/annotation.R#L28 #' Performs comprehensive genomic annota ...
R/annotation.R#L29 #' and classifies loops into biologicall ...
R/annotation.R#L32 #' This function explicitly supports **i ...
R/annotation.R#L33 #' (via \code{target_bed}). This allows  ...
R/annotation.R#L34 #' ChIP-seq binding sites, or GWAS varia ...
R/annotation.R#L40 #'   \item \strong{Loop Annotation}: Ann ...
R/annotation.R#L41 #'   \item \strong{Classification}: Clas ...
R/annotation.R#L42 #'   \item \strong{Clustering}: Aggregat ...
R/annotation.R#L43 #'   \item \strong{Target Integration}:  ...
R/annotation.R#L44 #'   and calculates their overlap with l ...
R/annotation.R#L45 #'   to the 3D chromatin architecture, o ...
R/annotation.R#L49 #' @param bedpe_file Character. Path to  ...
R/annotation.R#L51 #' @param target_bed Optional character. ...
R/annotation.R#L52 #'   to be annotated and integrated with ...
R/annotation.R#L53 #'   \code{overlap_annotation} component ...
R/annotation.R#L54 #' @param species Character. Genome buil ...
R/annotation.R#L55 #' @param tss_region Numeric vector of l ...
R/annotation.R#L57 #' @param out_dir Character. Output dire ...
R/annotation.R#L58 #' @param project_name Character. Prefix ...
R/annotation.R#L59 #' @param color_palette Character. Name  ...
R/annotation.R#L60 #' @param karyo_bin_size Numeric. Bin si ...
R/annotation.R#L64 #'   \item{\code{loop_annotation}}{Data  ...
R/annotation.R#L65 #'   \item{\code{cluster_annotation}}{Ag ...
R/annotation.R#L66 #'   \item{\code{target_annotation}}{Ann ...
R/annotation.R#L78 #' bedpe_path <- system.file("extdata",  ...
R/annotation.R#L137   colnames(loops)[seq_len(6)] <- c("chr1 ...
R/annotation.R#L142   anchors <- dplyr::bind_rows(loops %>%  ...
R/annotation.R#L146     dplyr::left_join(anchors %>% dplyr:: ...
R/annotation.R#L147     dplyr::left_join(anchors %>% dplyr:: ...
R/annotation.R#L151   g <- igraph::graph_from_data_frame(val ...
R/annotation.R#L155   if (length(comm) > 0) anchors$cluster_ ...
R/annotation.R#L157   loops <- loops %>% dplyr::left_join(an ...
R/annotation.R#L160   gr_anchors <- GenomicRanges::makeGRang ...
R/annotation.R#L161   gr_list <- GenomicRanges::GRangesList( ...
R/annotation.R#L168   anchor_anno <- ChIPseeker::annotatePea ...
R/annotation.R#L177     dplyr::left_join(map_info %>% dplyr: ...
R/annotation.R#L178     dplyr::left_join(map_info %>% dplyr: ...
R/annotation.R#L187     if (code == "P-P") genes <- c(s1, s2 ...
R/annotation.R#L188     return(list(type = code, gene = past ...
R/annotation.R#L190   res_list <- apply(loops_annotated, 1,  ...
R/annotation.R#L202   loop_annotation_final <- loops_annotat ...
R/annotation.R#L212     dplyr::summarise(loop_count = dplyr: ...
R/annotation.R#L215   gene_annot <- ChIPseeker::annotatePeak ...
R/annotation.R#L219   if ("GENENAME" %in% colnames(cluster_i ...
R/annotation.R#L233     bed_target <- read_robust_general(ta ...
R/annotation.R#L240     bed_annot <- ChIPseeker::annotatePea ...
R/annotation.R#L244     if ("GENENAME" %in% colnames(bed_inf ...
R/annotation.R#L250       hit_cluster_ids <- unique(cluster_ ...
R/annotation.R#L251       message("    >>> Found overlaps wi ...
R/annotation.R#L254       target_connected_loops <- loop_ann ...
R/annotation.R#L258     hit_df <- data.frame(qid = S4Vectors ...
R/annotation.R#L259     cluster_map <- data.frame(sid = seq_ ...
R/annotation.R#L265       dplyr::summarise(all_annoted_gene  ...
R/annotation.R#L268     bed_info <- dplyr::left_join(bed_inf ...
R/annotation.R#L280   if (exists("draw_rose_plot")) try(draw ...
R/annotation.R#L281   if (exists("draw_circular_bar_plot"))  ...
R/annotation.R#L293     map <- AnnotationDbi::select(if (gre ...
R/annotation.R#L294     S4Vectors::mcols(all_genes_gr)$SYMBO ...
R/annotation.R#L295     target_genes_gr <- all_genes_gr[S4Ve ...
R/annotation.R#L296     try(draw_karyo_heatmap_internal(targ ...
R/annotation.R#L305     try(draw_karyo_heatmap_internal(gr_a ...
R/annotation.R#L316   if (length(gene_sets) > 1 && exists("d ...
R/annotation.R#L322     if (exists("draw_target_annotation_p ...
R/annotation.R#L325     if (exists("draw_target_connectivity ...
R/annotation.R#L328     if (!is.null(target_connected_loops) ...
R/annotation.R#L329       try(draw_target_loop_donut(target_ ...
R/annotation.R#L347       openxlsx::saveWorkbook(wb, file.pa ...
R/annotation.R#L354   return(list(loop_annotation = loop_ann ...
R/annotation.R#L359 #' Reclassifies loop anchors based on RN ...
R/annotation.R#L362 #' This function filters false-positive  ...
R/annotation.R#L363 #' It downgrades "inactive" Promoters to ...
R/annotation.R#L364 #' and optionally maps these refined int ...
R/annotation.R#L369 #'   \item **Active Gene Detection:** Ge ...
R/annotation.R#L370 #'   \item **Anchor Downgrading:** If an ...
R/annotation.R#L371 #'   \item **Loop Reclassification:** Lo ...
R/annotation.R#L375 #' If \code{target_bed} is provided, the ...
R/annotation.R#L376 #' via physical overlap with loop cluste ...
R/annotation.R#L378 #' @param annotation_res List. Output fr ...
R/annotation.R#L379 #' @param expr_matrix_file Character. Pa ...
R/annotation.R#L380 #' @param sample_columns Vector (Integer ...
R/annotation.R#L381 #' @param target_bed Optional character. ...
R/annotation.R#L382 #' @param threshold Numeric. Minimum exp ...
R/annotation.R#L383 #' @param unit_type Character. Expressio ...
R/annotation.R#L387 #' @param project_name Character. Prefix ...
R/annotation.R#L390 #' @param color_saturation Numeric. Satu ...
R/annotation.R#L391 #' @param downgrade_nonexpressed Logical ...
R/annotation.R#L396 #'     \item \code{cluster_annotation}:  ...
R/annotation.R#L397 #'     \item \code{target_annotation}: ( ...
R/annotation.R#L400 #' @importFrom dplyr %>% filter group_by ...
R/annotation.R#L401 #' @importFrom ggplot2 ggplot aes geom_c ...
R/annotation.R#L410 #' bedpe_path <- system.file("extdata",  ...
R/annotation.R#L431 #'   write.table(expr_df, expr_file, sep ...
R/annotation.R#L471   if (is.null(annotation_res$loop_annota ...
R/annotation.R#L476   d <- tryCatch(read.table(expr_matrix_f ...
R/annotation.R#L477   if (is.null(d)) d <- tryCatch(read.tab ...
R/annotation.R#L482     sub_mat <- expr_mat[, intersect(samp ...
R/annotation.R#L488   vals <- if (ncol(sub_mat) > 1) rowMean ...
R/annotation.R#L495   check_anc <- function(g, t, allow = wh ...
R/annotation.R#L507   a1 <- mapply(check_anc, loop_df$anchor ...
R/annotation.R#L508   a2 <- mapply(check_anc, loop_df$anchor ...
R/annotation.R#L510   loop_df$functional_anchor1_type <- vap ...
R/annotation.R#L511   loop_df$functional_anchor2_type <- vap ...
R/annotation.R#L516     if (code == "P-P") genes <- c(s1, s2 ...
R/annotation.R#L532   loop_df$functional_type <- vapply(res_ ...
R/annotation.R#L533   loop_df$functional_genes <- vapply(res ...
R/annotation.R#L542       expressed_genes_Total = paste(uniq ...
R/annotation.R#L547   if ("GENENAME" %in% colnames(clust_inf ...
R/annotation.R#L557   txdb_pkg_name <- if (grepl("mm", speci ...
R/annotation.R#L561     bed_raw <- read.table(target_bed, he ...
R/annotation.R#L573       message("TxDb package ", txdb_pkg_ ...
R/annotation.R#L576       bed_annot <- ChIPseeker::annotateP ...
R/annotation.R#L581     if ("GENENAME" %in% colnames(bed_inf ...
R/annotation.R#L584       gr_clusters <- makeGRangesFromData ...
R/annotation.R#L593         hit_df <- data.frame(qid = query ...
R/annotation.R#L597           inner_join(agg_cluster %>% sel ...
R/annotation.R#L601             all_annotated_gene = paste(u ...
R/annotation.R#L605         if ("all_annotated_gene" %in% co ...
R/annotation.R#L620   if (!dir.exists(out_dir)) dir.create(o ...
R/annotation.R#L622   plot_df <- loop_df %>% mutate(loop_typ ...
R/annotation.R#L628   if (exists("draw_comparison_bar")) try ...
R/annotation.R#L629   if (exists("draw_rose_plot")) try(draw ...
R/annotation.R#L630   if (exists("draw_circular_bar_plot"))  ...
R/annotation.R#L648     if (length(unique_loop_genes) > 0 && ...
R/annotation.R#L652         map <- AnnotationDbi::select(get ...
R/annotation.R#L653         S4Vectors::mcols(all_genes_gr)$S ...
R/annotation.R#L654         target_genes_gr <- all_genes_gr[ ...
R/annotation.R#L656         try(draw_karyo_heatmap_internal( ...
R/annotation.R#L661     a1_coords <- plot_df %>% dplyr::sele ...
R/annotation.R#L662     a2_coords <- plot_df %>% dplyr::sele ...
R/annotation.R#L667       try(draw_karyo_heatmap_internal(gr ...
R/annotation.R#L678       t_col <- if ("all_annotated_gene"  ...
R/annotation.R#L693           geom_text(aes(label = paste0(C ...
R/annotation.R#L698         ggsave(file.path(out_dir, paste0 ...
R/annotation.R#L713         df$labelTxt <- paste0(df$loop_ty ...
R/annotation.R#L715         p <- ggplot(df, aes(ymax = ymax, ...
R/annotation.R#L717           geom_text(x = 3.5, aes(y = lab ...
R/annotation.R#L722           annotate("text", x = 0, y = 0, ...
R/annotation.R#L723         ggsave(file.path(out_dir, paste0 ...
R/annotation.R#L740     openxlsx::saveWorkbook(wb, file.path ...
R/annotation.R#L747   return(list(loop_annotation = plot_df, ...
R/data_processing.R#L17 #' @param bedpe_file Character. Path to  ...
R/data_processing.R#L19 #' @return A \code{\link[InteractionSet] ...
R/data_processing.R#L30 #' bedpe_path <- system.file("extdata",  ...
R/data_processing.R#L97 #' Merges spatially proximal chromatin l ...
R/data_processing.R#L98 #' Loops are considered overlapping if b ...
R/data_processing.R#L99 #' Each resulting cluster is represented ...
R/data_processing.R#L102 #' @param gap Numeric. Maximum distance  ...
R/data_processing.R#L106 #'     \item{\code{membership}}{Integer  ...
R/data_processing.R#L108 #'   Metadata columns include \code{clus ...
R/data_processing.R#L115 #' bedpe_path <- system.file("extdata",  ...
R/data_processing.R#L129 #'   # The 'membership' vector tells whi ...
R/data_processing.R#L154 #' @return A \code{\link[GenomicRanges]{ ...
R/data_processing.R#L190 #' This function consolidates chromatin  ...
R/data_processing.R#L192 #'   \item **Replicate Consolidation**:  ...
R/data_processing.R#L193 #'   \item **Multi-Omics Integration**:  ...
R/data_processing.R#L198 #'   \item \code{"reproducible"}: Graph- ...
R/data_processing.R#L199 #'   \item \code{"intersect"}: Strict re ...
R/data_processing.R#L202 #' Optional filtering by blacklist regio ...
R/data_processing.R#L205 #' @param gap Numeric. Distance (bp) to  ...
R/data_processing.R#L206 #' @param mode Character. Choose one of  ...
R/data_processing.R#L208 #'     \item{"intersect"}{ Strict refere ...
R/data_processing.R#L210 #'     \item{"reproducible"}{ Graph-base ...
R/data_processing.R#L212 #' @param min_reproducible Integer. Mini ...
R/data_processing.R#L223 #' @param target_bed_file Character. Pat ...
R/data_processing.R#L224 #' @param out_file Character. The file n ...
R/data_processing.R#L298     message(">>> Intersect mode: Referen ...
R/data_processing.R#L325     # In intersect mode, n_members/n_rep ...
R/data_processing.R#L327     # Set n_members to 1 (representing t ...
R/data_processing.R#L335     message(">>> Clustering mode (Union/ ...
R/data_processing.R#L356       message(">>> Reproducible mode: Ke ...
R/data_processing.R#L385       blacklist_path <- system.file("ext ...
R/data_processing.R#L393       h1 <- InteractionSet::findOverlaps ...
R/data_processing.R#L394       h2 <- InteractionSet::findOverlaps ...
R/data_processing.R#L407       h1 <- InteractionSet::findOverlaps ...
R/data_processing.R#L408       h2 <- InteractionSet::findOverlaps ...
R/data_processing.R#L430       n_members = if (!is.null(S4Vectors ...
R/data_processing.R#L546 #' Visualizes chromatin interactions (GI ...
R/data_processing.R#L555 #' @param shape Character. Shape of the  ...
R/data_processing.R#L560 #' @importFrom ggplot2 ggplot geom_tile  ...
R/data_processing.R#L565 #' bedpe_path <- system.file("extdata",  ...
R/data_processing.R#L598   message(">>> Plotting region: ", regio ...
R/data_processing.R#L601   hits <- InteractionSet::findOverlaps(g ...
R/data_processing.R#L611   scores <- if (!is.null(S4Vectors::mcol ...
R/data_processing.R#L618   dt[, `:=`(bin1 = floor(((s1 + e1) / 2  ...
R/data_processing.R#L675     ggplot2::geom_path(data = triangle_b ...
R/data_processing.R#L694     ggplot2::ggtitle(paste0(chr_name, ": ...
R/data_processing.R#L706   return(GenomicRanges::GRanges(chrom, I ...
R/data_processing.R#L711     "s1", "e1", "s2", "e2", "bin1", "bin ...
R/utils.R#L14   if (length(palette_input) == 1 && pale ...
R/utils.R#L31 #' Creates a genome-wide heatmap of geno ...
R/utils.R#L39 #' @param ref_txdb (TxDb or similar) Ref ...
R/utils.R#L40 #' @param plot_species (character) Genom ...
R/utils.R#L43 #' @importFrom GenomeInfoDb seqinfo seql ...
R/utils.R#L50 #' @return Invisibly returns `NULL`. Sid ...
R/utils.R#L51 draw_karyo_heatmap_internal <- function( ...
R/utils.R#L53   if (grepl("mm", plot_species)) standar ...
R/utils.R#L68   gr_data <- GenomeInfoDb::keepSeqlevels ...
R/utils.R#L70   common <- intersect(GenomeInfoDb::seql ...
R/utils.R#L71   GenomeInfoDb::seqlengths(gr_data)[comm ...
R/utils.R#L72   valid_chroms <- intersect(standard_chr ...
R/utils.R#L75     full_genome_gr <- GenomicRanges::GRa ...
R/utils.R#L77     tiles <- GenomicRanges::tileGenome(G ...
R/utils.R#L88       cutoff <- as.numeric(quantile(hits ...
R/utils.R#L92       col_func <- grDevices::colorRampPa ...
R/utils.R#L107     kp <- karyoploteR::plotKaryotype(gen ...
R/utils.R#L108     karyoploteR::kpRect(kp, data = tiles ...
R/utils.R#L110     main_title <- paste0("Loop Analysis: ...
R/utils.R#L111     graphics::mtext(main_title, side = 3 ...
R/utils.R#L114       fields::image.plot(legend.only = T ...
R/utils.R#L126 #' @param plot_data (data.frame) Must co ...
R/utils.R#L130 #' @param group_colors (character vector ...
R/utils.R#L132 #' @importFrom ggplot2 ggplot aes geom_v ...
R/utils.R#L143 draw_expression_violin <- function(plot_ ...
R/utils.R#L167   p <- ggplot2::ggplot(plot_data_unique, ...
R/utils.R#L168     ggplot2::geom_violin(scale = "width" ...
R/utils.R#L169     ggplot2::geom_boxplot(width = 0.15,  ...
R/utils.R#L176       axis.text.x = ggplot2::element_tex ...
R/utils.R#L204 #' @importFrom dplyr select filter group ...
R/utils.R#L205 #' @importFrom ggplot2 ggplot aes geom_b ...
R/utils.R#L215 #' @return A `ggplot` object of the bar  ...
R/utils.R#L216 draw_enhancer_source_distribution <- fun ...
R/utils.R#L217   a1 <- loop_data %>% dplyr::select(type ...
R/utils.R#L218   a2 <- loop_data %>% dplyr::select(type ...
R/utils.R#L239   plot_data$Label <- paste0(plot_data$Co ...
R/utils.R#L241   p <- ggplot(plot_data, aes(x = reorder ...
R/utils.R#L248       axis.text.x = element_text(angle = ...
R/utils.R#L282   rose_data$Label <- paste0(rose_data$Co ...
R/utils.R#L284   p <- ggplot2::ggplot(rose_data, ggplot ...
R/utils.R#L288     ggplot2::geom_text(ggplot2::aes(y =  ...
R/utils.R#L290     ggplot2::theme(axis.title = ggplot2: ...
R/utils.R#L313     dplyr::summarise(Unique_Gene_Count = ...
R/utils.R#L319   circ_data$loop_type <- factor(circ_dat ...
R/utils.R#L325   p <- ggplot2::ggplot(circ_data, ggplot ...
R/utils.R#L326     ggplot2::geom_col(ggplot2::aes(y = m ...
R/utils.R#L327     ggplot2::geom_col(ggplot2::aes(y = U ...
R/utils.R#L328     ggplot2::geom_text(ggplot2::aes(y =  ...
R/utils.R#L332     ggplot2::theme(axis.title = ggplot2: ...
R/utils.R#L333     ggplot2::scale_y_continuous(limits = ...
R/utils.R#L334     ggplot2::labs(title = paste0(project ...
R/utils.R#L342 #' Visualizes the comparison of loop cou ...
R/utils.R#L357     original_df %>% dplyr::mutate(loop_t ...
R/utils.R#L358     filtered_df %>% dplyr::group_by(loop ...
R/utils.R#L361   p <- ggplot2::ggplot(df_compare, ggplo ...
R/utils.R#L366     ggplot2::labs(title = "Loop Classifi ...
R/utils.R#L373 #' Optimized: Labels only show Count (%) ...
R/utils.R#L378 #' @param color_palette Character string ...
R/utils.R#L383 draw_target_annotation_pie <- function(b ...
R/utils.R#L387     dplyr::mutate(Feature = ifelse(grepl ...
R/utils.R#L403   if (!exists("get_colors")) custom_colo ...
R/utils.R#L406   p <- ggplot2::ggplot(plot_data, ggplot ...
R/utils.R#L407     ggplot2::geom_bar(stat = "identity", ...
R/utils.R#L420     ggplot2::scale_fill_manual(values =  ...
R/utils.R#L425       plot.title = ggplot2::element_text ...
R/utils.R#L429     ggplot2::labs(title = paste0(project ...
R/utils.R#L437 #' Visualizes how many target peaks over ...
R/utils.R#L440 #' @param cluster_info Data frame contai ...
R/utils.R#L443 #' @param color_palette Character string ...
R/utils.R#L448 draw_target_connectivity_bar <- function ...
R/utils.R#L450     dplyr::mutate(Status = ifelse(!is.na ...
R/utils.R#L455   p1 <- ggplot2::ggplot(summary_df, ggpl ...
R/utils.R#L457     ggplot2::geom_text(ggplot2::aes(labe ...
R/utils.R#L460     ggplot2::theme(legend.position = "no ...
R/utils.R#L480 #' @return A ggplot object representing  ...
R/utils.R#L483 draw_target_loop_donut <- function(loop_ ...
R/utils.R#L503   p <- ggplot2::ggplot(plot_data, ggplot ...
R/utils.R#L506     ggplot2::geom_text(x = 4.2, ggplot2: ...
R/utils.R#L511     ggplot2::theme(legend.position = "no ...
R/visualization.R#L3 #' Generates an integrative genomic trac ...
R/visualization.R#L4 #' loop anchors as rectangles, optional  ...
R/visualization.R#L7 #' @param bedpe_file Character. Path to  ...
R/visualization.R#L8 #' @param target_bed Optional character. ...
R/visualization.R#L9 #' @param chr Character. Chromosome name ...
R/visualization.R#L13 #' @param max_levels Integer. Maximum nu ...
R/visualization.R#L14 #' @param base_anchor_height Numeric. He ...
R/visualization.R#L15 #' @param loop_color Character. Default  ...
R/visualization.R#L16 #' @param anchor_color Character. Color  ...
R/visualization.R#L20 #' @param min_score Logical. If TRUE, us ...
R/visualization.R#L21 #' @param save_file Optional character.  ...
R/visualization.R#L24 #' @importFrom ggplot2 ggplot geom_rect  ...
R/visualization.R#L34 #' bedpe_path <- system.file("extdata",  ...
R/visualization.R#L82   if (!requireNamespace("ggforce", quiet ...
R/visualization.R#L83   if (!requireNamespace("GenomicFeatures ...
R/visualization.R#L84   if (!requireNamespace("AnnotationDbi", ...
R/visualization.R#L85   if (!requireNamespace("scales", quietl ...
R/visualization.R#L103   if (!requireNamespace(txdb_pkg, quietl ...
R/visualization.R#L104   if (!requireNamespace(org_db_pkg, quie ...
R/visualization.R#L109   loops_raw <- read.table(bedpe_file, he ...
R/visualization.R#L110   colnames(loops_raw)[seq_len(6)] <- c(" ...
R/visualization.R#L169       loops_view %>% dplyr::transmute(ch ...
R/visualization.R#L170       loops_view %>% dplyr::transmute(ch ...
R/visualization.R#L174       dplyr::mutate(mid1 = (start1 + end ...
R/visualization.R#L178       data.frame(loop_i = d$loop_i, x =  ...
R/visualization.R#L197       rgb(rgb_val[1], rgb_val[2], rgb_va ...
R/visualization.R#L210     overlap_df_plot <- ob %>% dplyr::fil ...
R/visualization.R#L212       overlap_df_plot <- overlap_df_plot ...
R/visualization.R#L218   genes_df <- as.data.frame(genes_gr) %> ...
R/visualization.R#L225         symbol_map <- AnnotationDbi::sel ...
R/visualization.R#L227         genes_df <- dplyr::left_join(gen ...
R/visualization.R#L233     genes_df <- genes_df %>% dplyr::muta ...
R/visualization.R#L235     bins <- IRanges::disjointBins(IRange ...
R/visualization.R#L238     tx_keytype <- if ("TXNAME" %in% Anno ...
R/visualization.R#L239     tx2gene <- AnnotationDbi::select(txd ...
R/visualization.R#L260       feature_df <- dplyr::left_join(fea ...
R/visualization.R#L270     genes_df <- genes_df %>% dplyr::muta ...
R/visualization.R#L273       feature_df <- feature_df %>% dplyr ...
R/visualization.R#L279     geom_hline(yintercept = -0.04, linet ...
R/visualization.R#L280     geom_hline(yintercept = -0.18, linet ...
R/visualization.R#L281     annotate("text", x = text_indent, y  ...
R/visualization.R#L284     p <- p + annotate("text", x = text_i ...
R/visualization.R#L287   p <- p + annotate("text", x = text_ind ...
R/visualization.R#L291     p <- p + geom_rect(data = overlap_df ...
R/visualization.R#L295     p <- p + geom_segment(data = genes_d ...
R/visualization.R#L296       geom_segment(data = genes_df, aes( ...
R/visualization.R#L299       p <- p + geom_rect(data = feature_ ...
R/visualization.R#L301       p <- p + geom_rect(data = genes_df ...
R/visualization.R#L304     p <- p + ggrepel::geom_text_repel(da ...
R/visualization.R#L309       geom_rect(data = anchors, aes(xmin ...
R/visualization.R#L311       ggforce::geom_bezier(data = bez_df ...
R/visualization.R#L316     coord_cartesian(xlim = c(from, to),  ...
R/visualization.R#L319     theme(axis.line.y = element_blank(), ...
R/visualization.R#L333 #' @param gene_lists A named list of cha ...
R/visualization.R#L334 #' @param project_name Character. Prefix ...
R/visualization.R#L335 #' @param filename Character. Output fil ...
R/visualization.R#L336 #' @param group_colors Character vector. ...
R/visualization.R#L338 #' @importFrom ggplot2 ggplot geom_polyg ...
R/visualization.R#L354 #'   group_colors = c(Control = "#E41A1C ...
R/visualization.R#L356 draw_flower_simplified <- function(gene_ ...
R/visualization.R#L357   gene_lists <- gene_lists[vapply(gene_l ...
R/visualization.R#L395     data.frame(x = x_rot + offset * cos( ...
R/visualization.R#L406     coords <- get_ellipse(ang, center_x, ...
R/visualization.R#L410     group_label_df <- rbind(group_label_ ...
R/visualization.R#L413     count_label_df <- rbind(count_label_ ...
R/visualization.R#L417     geom_polygon(data = plot_df, aes(x = ...
R/visualization.R#L418     ggforce::geom_circle(aes(x0 = 0, y0  ...
R/visualization.R#L419     annotate("text", x = 0, y = 0.35, la ...
R/visualization.R#L420     annotate("text", x = 0, y = -0.3, la ...
R/visualization.R#L421     geom_text(data = count_label_df, aes ...
R/visualization.R#L422     geom_text(data = group_label_df, aes ...
R/visualization.R#L427     theme(legend.position = "none", plot ...
R/visualization.R#L428     labs(title = paste0(project_name, ": ...
R/visualization.R#L437 #' Visualizes intersections among multip ...
R/visualization.R#L443 #' @param group_colors Optional named ch ...
R/visualization.R#L466 draw_upset_intersections <- function(gen ...
R/visualization.R#L473   gene_lists <- gene_lists[vapply(gene_l ...
R/visualization.R#L527         grDevices::png(file = filename,  ...
Consider multiples of 4 spaces for line indents; 1199 lines (33%) are not.
First few lines:
R/analysis.R#L157   annotation_res, ...
R/analysis.R#L158   use_filtered = TRUE, ...
R/analysis.R#L159   diff_file, ...
R/analysis.R#L160   lfc_col, ...
R/analysis.R#L161   tpm_file, ...
R/analysis.R#L162   metadata_file, ...
R/analysis.R#L163   target_source = c("overlap", "cluster" ...
R/analysis.R#L164   loop_types = c("EP", "PP"), ...
R/analysis.R#L165   include_direct = FALSE, ...
R/analysis.R#L166   group_order = NULL, ...
R/analysis.R#L167   project_name = "Analysis", ...
R/analysis.R#L168   out_dir = "./", ...
R/analysis.R#L169   # --- Params --- ...
R/analysis.R#L170   org_db = "org.Hs.eg.db", ...
R/analysis.R#L171   run_go = TRUE, ...
R/analysis.R#L172   run_ppi = FALSE, ...
R/analysis.R#L173   ppi_score = 400, ...
R/analysis.R#L174   ppi_ntop = 400, ...
R/analysis.R#L175   heatmap_ntop = 1000, ...
R/analysis.R#L176   gsea_ntop = 99999, ...
R/analysis.R#L177   cnet_ntop = 50, ...
R/analysis.R#L178   stat_test = "wilcox.test", ...
R/analysis.R#L179   cor_method = "pearson" ...
R/analysis.R#L181   target_source <- match.arg(target_sour ...
R/analysis.R#L182   if (!dir.exists(out_dir)) dir.create(o ...
R/analysis.R#L184   suffix <- if (use_filtered) "_Filtered ...
R/analysis.R#L185   base_project_name <- paste0(project_na ...
R/analysis.R#L186   message(">>> Analysis Init | Base Proj ...
R/analysis.R#L188   # === 0. Dependency Check === ...
R/analysis.R#L189   if (!requireNamespace("RColorBrewer",  ...
R/analysis.R#L190   if (!requireNamespace("ggplot2", quiet ...
R/analysis.R#L192   # Load data ...
R/analysis.R#L193   message("--- Reading files...") ...
R/analysis.R#L194   # [CRITICAL FIX] Ensure min_cols=1 is  ...
R/analysis.R#L195   diff_df_raw <- read_robust_general(dif ...
R/analysis.R#L196   tpm_mat_raw <- read_robust_general(tpm ...
R/analysis.R#L197   meta_raw <- read_robust_general(metada ...
R/analysis.R#L199   # Check duplicates ...
R/analysis.R#L200   .check_duplicate_rownames <- function( ...
R/analysis.R#L203       return() ...
R/analysis.R#L206       dup_genes <- unique(rn[duplicated( ...
R/analysis.R#L207       stop(sprintf("❌ %s contains duplic ...
R/analysis.R#L209   } ...
R/analysis.R#L210   .check_duplicate_rownames(diff_df_raw, ...
R/analysis.R#L211   .check_duplicate_rownames(tpm_mat_raw, ...
R/analysis.R#L213   # Process metadata ...
R/analysis.R#L214   if (ncol(meta_raw) >= 2) colnames(meta ...
R/analysis.R#L215   meta_raw$SampleID <- trimws(as.charact ...
R/analysis.R#L216   if (!is.null(group_order)) meta_raw$Gr ...
R/analysis.R#L217   meta_raw <- meta_raw %>% dplyr::arrang ...
R/analysis.R#L219   # Global LFC list ...
R/analysis.R#L220   if (!lfc_col %in% colnames(diff_df_raw ...
R/analysis.R#L221   clean_diff <- diff_df_raw[!is.na(diff_ ...
R/analysis.R#L222   global_glist <- sort(setNames(clean_di ...
R/analysis.R#L224   # Step 1: Extract target gene sets ...
R/analysis.R#L225   message("---Extracting target gene set ...
R/analysis.R#L226   raw_gene_sets <- extract_target_gene_s ...
R/analysis.R#L228   if (length(raw_gene_sets) == 0) { ...
R/analysis.R#L231   } ...
R/analysis.R#L233   # Step 2: Build analysis queue ...
R/analysis.R#L234   analysis_queue <- build_analysis_queue ...
R/analysis.R#L235   if (length(analysis_queue) == 0) { ...
R/analysis.R#L238   } ...
R/analysis.R#L240   all_go_results <- list() ...
R/analysis.R#L242   # Step 3: Run per-task analysis ...
R/analysis.R#L243   for (task_name in names(analysis_queue ...
R/analysis.R#L250       message(" Too few genes (<3), skip ...
R/analysis.R#L251       next ...
R/analysis.R#L256       { ...
R/analysis.R#L258       }, ...
R/analysis.R#L259       error = function(e) { ...
R/analysis.R#L261       } ...
R/analysis.R#L266       { ...
R/analysis.R#L269       }, ...
R/analysis.R#L270       error = function(e) { ...
R/analysis.R#L272       } ...
R/analysis.R#L277       { ...
R/analysis.R#L279       }, ...
R/analysis.R#L280       error = function(e) { ...
R/analysis.R#L282       } ...
R/analysis.R#L287       { ...
R/analysis.R#L289           go_result <- run_go_enrichment ...
R/analysis.R#L290           if (!is.null(go_result)) { ...
R/analysis.R#L294               top_go$LoopType <- task_na ...
R/analysis.R#L295               all_go_results[[task_name] ...
R/analysis.R#L297           } ...
R/analysis.R#L299       }, ...
R/analysis.R#L300       error = function(e) { ...
R/analysis.R#L302       } ...
R/analysis.R#L307       { ...
R/analysis.R#L309           run_ppi_analysis(target_genes, ...
R/analysis.R#L311       }, ...
R/analysis.R#L312       error = function(e) { ...
R/analysis.R#L314       } ...
R/analysis.R#L316   } ...
R/analysis.R#L318   # Step 4: Summary GO Plot ...
R/analysis.R#L319   tryCatch( ...
R/analysis.R#L321       if (run_go && length(all_go_result ...
R/analysis.R#L323       } ...
R/analysis.R#L326       warning(" Summary Plot failed: ",  ...
R/analysis.R#L328   ) ...
R/analysis.R#L330   message("\n All analysis complete.") ...
R/analysis.R#L331   invisible(list(go_results = all_go_res ...
R/analysis.R#L351   # 1. 检查文件是否存在 ...
R/analysis.R#L352   if (is.null(f) || length(f) == 0 || f  ...
R/analysis.R#L353   if (!file.exists(f)) stop(desc, " not  ...
R/analysis.R#L355   d <- NULL ...
R/analysis.R#L356   rn <- if (is.null(row_name)) NULL else ...
R/analysis.R#L358   # 2. 优先尝试 data.table::fread (速度快) ...
R/analysis.R#L359   if (requireNamespace("data.table", qui ...
R/analysis.R#L361       { ...
R/analysis.R#L367           rownames(d_dt) <- d_dt[, 1] ...
R/analysis.R#L368           d_dt <- d_dt[, -1, drop = FALS ...
R/analysis.R#L373       }, ...
R/analysis.R#L374       silent = TRUE ...
R/analysis.R#L376   } ...
R/analysis.R#L378   # 3. 降级方案 A: 制表符 (TSV/BED) ...
R/analysis.R#L379   if (is.null(d)) { ...
R/analysis.R#L381       utils::read.table(f, ...
R/analysis.R#L384       ), ...
R/analysis.R#L385       error = function(e) NULL ...
R/analysis.R#L387   } ...
R/analysis.R#L389   # 4. 降级方案 B: 逗号 (CSV) ...
R/analysis.R#L390   if (is.null(d) || ncol(d) < min_cols)  ...
R/analysis.R#L392       utils::read.table(f, ...
R/analysis.R#L395       ), ...
R/analysis.R#L396       error = function(e) NULL ...
R/analysis.R#L398   } ...
R/analysis.R#L400   # 5. 降级方案 C: 任意空白符 ...
R/analysis.R#L401   if (is.null(d) || ncol(d) < min_cols)  ...
R/analysis.R#L403       utils::read.table(f, ...
R/analysis.R#L406       ), ...
R/analysis.R#L407       error = function(e) NULL ...
R/analysis.R#L409   } ...
R/analysis.R#L411   # 6. 最终检查 ...
R/analysis.R#L412   if (is.null(d)) { ...
R/analysis.R#L414   } ...
R/analysis.R#L416   if (ncol(d) < min_cols) { ...
R/analysis.R#L418   } ...
R/analysis.R#L420   return(d) ...
R/analysis.R#L441   raw_gene_sets <- list() ...
R/analysis.R#L442   if ("overlap" %in% target_source && !i ...
R/analysis.R#L445       for (lt in loop_types) { ...
R/analysis.R#L447           dplyr::filter(loop_type == lt) ...
R/analysis.R#L448           dplyr::filter(!is.na(loop_gene ...
R/analysis.R#L450           gs <- unique(trimws(unlist(str ...
R/analysis.R#L451           gs <- gs[gs != ""] ...
R/analysis.R#L452           if (length(gs) > 0) raw_gene_s ...
R/analysis.R#L454       } ...
R/analysis.R#L456   } ...
R/analysis.R#L457   if ("cluster" %in% target_source && in ...
R/analysis.R#L461       direct_genes <- unique(as.characte ...
R/analysis.R#L462       if (length(direct_genes) > 0) raw_ ...
R/analysis.R#L464   } ...
R/analysis.R#L465   return(raw_gene_sets) ...
R/analysis.R#L483   analysis_queue <- list() ...
R/analysis.R#L484   for (lt in loop_types) { ...
R/analysis.R#L486   } ...
R/analysis.R#L487   valid_types <- intersect(loop_types, n ...
R/analysis.R#L488   if (length(valid_types) > 1) { ...
R/analysis.R#L491   } ...
R/analysis.R#L492   if ("Direct" %in% names(raw_gene_sets) ...
R/analysis.R#L495       analysis_queue[["All_Combined"]] < ...
R/analysis.R#L497   } ...
R/analysis.R#L498   return(analysis_queue) ...
R/analysis.R#L516   pdata <- data.frame( ...
R/analysis.R#L519   ) ...
R/analysis.R#L520   if (sum(pdata$Type == "Target") == 0)  ...
R/analysis.R#L522   } ...
R/analysis.R#L524   test_res <- NULL ...
R/analysis.R#L525   test_name <- "" ...
R/analysis.R#L526   if (grepl("t\\.test", stat_test, ignor ...
R/analysis.R#L529   } else { ...
R/analysis.R#L532   } ...
R/analysis.R#L533   p_val_num <- test_res$p.value ...
R/analysis.R#L534   p_txt <- if (p_val_num < 2.2e-16) "p < ...
R/analysis.R#L535   label_text <- paste0(test_name, "\n",  ...
R/analysis.R#L536   ylim_range <- quantile(pdata$LFC, c(0. ...
R/analysis.R#L537   p_box <- ggplot2::ggplot(pdata, aes(x  ...
R/analysis.R#L545   ggsave(file.path(out_dir, paste0(curre ...
R/analysis.R#L562   # 1. 准备排序列表 (Ranked List) ...
R/analysis.R#L563   curr_glist <- global_glist ...
R/analysis.R#L565   # 处理重复值：添加微小扰动以打破 Ties ...
R/analysis.R#L566   # 注意：由于移除了 seed，这里的 runif 每次运行结果会微小不同， ...
R/analysis.R#L567   if (any(duplicated(curr_glist))) { ...
R/analysis.R#L570   } ...
R/analysis.R#L572   # 2. 准备目标基因集 (Target Gene Set) ...
R/analysis.R#L573   curr_targets <- target_genes ...
R/analysis.R#L574   if (length(curr_targets) > gsea_ntop)  ...
R/analysis.R#L577   } ...
R/analysis.R#L579   names(curr_glist) <- toupper(names(cur ...
R/analysis.R#L580   curr_targets <- toupper(curr_targets) ...
R/analysis.R#L582   # 检查重叠基因数量 ...
R/analysis.R#L583   if (length(intersect(curr_targets, nam ...
R/analysis.R#L586   } ...
R/analysis.R#L588   # 3. 运行 GSEA ...
R/analysis.R#L589   # 构建自定义基因集 Data Frame ...
R/analysis.R#L590   term_df <- data.frame(term = current_p ...
R/analysis.R#L592   gsea_res <- tryCatch( ...
R/analysis.R#L594       # [CHANGE] Removed 'seed' argument ...
R/analysis.R#L595       clusterProfiler::GSEA( ...
R/analysis.R#L602       ) ...
R/analysis.R#L605       message("[GSEA] Calculation failed ...
R/analysis.R#L606       return(NULL) ...
R/analysis.R#L608   ) ...
R/analysis.R#L610   # 4. 绘图 ...
R/analysis.R#L611   if (!is.null(gsea_res) && nrow(gsea_re ...
R/analysis.R#L615       { ...
R/analysis.R#L625           d$geneList <- curr_glist[d$x] ...
R/analysis.R#L631           gene_at_rank <- names(curr_gli ...
R/analysis.R#L632           d$position <- as.numeric(gene_ ...
R/analysis.R#L636       }, ...
R/analysis.R#L637       error = function(e) { ...
R/analysis.R#L640       } ...
R/analysis.R#L644       return(NULL) ...
R/analysis.R#L657       geom_line(color = main_color, line ...
R/analysis.R#L658       geom_hline(yintercept = 0, linetyp ...
R/analysis.R#L659       scale_x_continuous(expand = c(0, 0 ...
R/analysis.R#L660       theme_bw() + ...
R/analysis.R#L661       labs( ...
R/analysis.R#L664       ) + ...
R/analysis.R#L665       theme( ...
R/analysis.R#L670       ) ...
R/analysis.R#L677       p2 <- ggplot(hit_data, aes(x = x,  ...
R/analysis.R#L684       p2 <- ggplot() + ...
R/analysis.R#L693       geom_segment(aes(xend = x, yend =  ...
R/analysis.R#L694       scale_color_gradientn(colors = gra ...
R/analysis.R#L695       scale_x_continuous(expand = c(0, 0 ...
R/analysis.R#L696       theme_classic() + ...
R/analysis.R#L697       labs(x = "Rank", y = "LFC") + ...
R/analysis.R#L698       theme(legend.position = "none") ...
R/analysis.R#L702       # 使用 aplot 对齐坐标轴 ...
R/analysis.R#L703       final_plot <- aplot::plot_list(p1, ...
R/analysis.R#L705       out_file <- file.path(out_dir, pas ...
R/analysis.R#L706       tryCatch( ...
R/analysis.R#L708           ggsave(out_file, final_plot, w ...
R/analysis.R#L709           message("    Saved (GSEA): ",  ...
R/analysis.R#L712           message("[GSEA] Save failed: " ...
R/analysis.R#L714       ) ...
R/analysis.R#L716   } ...
R/analysis.R#L736   colnames(tpm_mat_raw) <- trimws(colnam ...
R/analysis.R#L737   valid_s <- intersect(meta_raw$SampleID ...
R/analysis.R#L738   if (length(valid_s) == 0) { ...
R/analysis.R#L740   } ...
R/analysis.R#L741   curr_meta <- meta_raw %>% dplyr::filte ...
R/analysis.R#L742   valid_t <- intersect(target_genes, row ...
R/analysis.R#L743   if (length(valid_t) <= 5) { ...
R/analysis.R#L745   } ...
R/analysis.R#L747   mat_plot <- log2(tpm_mat_raw[valid_t,  ...
R/analysis.R#L748   if (nrow(mat_plot) > heatmap_ntop) { ...
R/analysis.R#L752   } ...
R/analysis.R#L753   mat_scaled <- t(scale(t(mat_plot))) ...
R/analysis.R#L754   mat_scaled[mat_scaled > 2] <- 2 ...
R/analysis.R#L755   mat_scaled[mat_scaled < -2] <- -2 ...
R/analysis.R#L756   mat_scaled[is.na(mat_scaled)] <- 0 ...
R/analysis.R#L758   col_fun <- circlize::colorRamp2(c(-2,  ...
R/analysis.R#L759   groups <- unique(curr_meta$Group) ...
R/analysis.R#L760   group_cols <- setNames( ...
R/analysis.R#L763   ) ...
R/analysis.R#L764   ha <- ComplexHeatmap::HeatmapAnnotatio ...
R/analysis.R#L765   hm <- ComplexHeatmap::Heatmap(mat_scal ...
R/analysis.R#L769   ) ...
R/analysis.R#L770   pdf(file.path(out_dir, paste0(current_ ...
R/analysis.R#L771   ComplexHeatmap::draw(hm) ...
R/analysis.R#L772   dev.off() ...
R/analysis.R#L774   tryCatch( ...
R/analysis.R#L776       cor_mat <- cor(t(mat_plot), method ...
R/analysis.R#L777       method_title <- paste0(toupper(sub ...
R/analysis.R#L778       pdf(file.path(out_dir, paste0(curr ...
R/analysis.R#L779       n_dims <- ncol(cor_mat) ...
R/analysis.R#L780       corrplot::corrplot(cor_mat, ...
R/analysis.R#L784       ) ...
R/analysis.R#L785       mtext(paste0(method_title, "\nInde ...
R/analysis.R#L786       dev.off() ...
R/analysis.R#L789   ) ...
R/analysis.R#L811   eg <- tryCatch( ...
R/analysis.R#L813       clusterProfiler::bitr(target_genes ...
R/analysis.R#L816   ) ...
R/analysis.R#L817   if (is.null(eg) || nrow(eg) == 0) { ...
R/analysis.R#L819   } ...
R/analysis.R#L821   go_res <- tryCatch( ...
R/analysis.R#L823       clusterProfiler::enrichGO( ...
R/analysis.R#L826       ) ...
R/analysis.R#L829   ) ...
R/analysis.R#L830   if (is.null(go_res) || nrow(go_res) == ...
R/analysis.R#L832   } ...
R/analysis.R#L834   # Circular network plot ...
R/analysis.R#L835   tryCatch( ...
R/analysis.R#L837       top_n_cats <- 5 ...
R/analysis.R#L838       go_sub <- go_res ...
R/analysis.R#L839       go_sub@result <- head(go_res@resul ...
R/analysis.R#L840       all_genes_in_top <- unique(unlist( ...
R/analysis.R#L841       valid_genes <- intersect(all_genes ...
R/analysis.R#L842       if (length(valid_genes) > 0) { ...
R/analysis.R#L847           g_in_path <- unlist(strsplit(g ...
R/analysis.R#L848           g_keep <- intersect(g_in_path, ...
R/analysis.R#L849           go_sub@result$geneID[i] <- pas ...
R/analysis.R#L852           foldChange = global_glist, cir ...
R/analysis.R#L853           showCategory = top_n_cats, cex ...
R/analysis.R#L855           scale_color_gradient2(name = " ...
R/analysis.R#L856           labs( ...
R/analysis.R#L859           ) + ...
R/analysis.R#L860           theme(plot.title = element_tex ...
R/analysis.R#L862       } ...
R/analysis.R#L865   ) ...
R/analysis.R#L867   return(as.data.frame(go_res)) ...
R/analysis.R#L887   message("   >>> [PPI Init] Threshold = ...
R/analysis.R#L888   species_id <- if (grepl("Mm", org_db,  ...
R/analysis.R#L889   string_db_obj <- STRINGdb::STRINGdb$ne ...
R/analysis.R#L890   ppi_genes <- target_genes ...
R/analysis.R#L891   if (length(ppi_genes) > ppi_ntop) { ...
R/analysis.R#L894       ppi_genes <- head(valid_in_lfc[ord ...
R/analysis.R#L896       ppi_genes <- head(ppi_genes, ppi_n ...
R/analysis.R#L898   } ...
R/analysis.R#L899   targets_mapped <- string_db_obj$map(da ...
R/analysis.R#L900   if (nrow(targets_mapped) == 0) { ...
R/analysis.R#L902   } ...
R/analysis.R#L904   hits <- targets_mapped$STRING_id ...
R/analysis.R#L905   if (length(hits) <= 1) { ...
R/analysis.R#L907   } ...
R/analysis.R#L909   g_string <- string_db_obj$get_subnetwo ...
R/analysis.R#L910   map_df <- targets_mapped[targets_mappe ...
R/analysis.R#L911   symbol_map <- setNames(map_df$gene, ma ...
R/analysis.R#L912   igraph::V(g_string)$symbol <- symbol_m ...
R/analysis.R#L913   lfc_vals <- setNames(as.numeric(global ...
R/analysis.R#L914   lfc_vals[is.na(lfc_vals)] <- 0 ...
R/analysis.R#L915   igraph::V(g_string)$lfc <- as.numeric( ...
R/analysis.R#L916   igraph::V(g_string)$deg <- as.numeric( ...
R/analysis.R#L917   if (is.null(igraph::E(g_string)$combin ...
R/analysis.R#L918   igraph::E(g_string)$combined_score <-  ...
R/analysis.R#L920   top_n_labels <- 25 ...
R/analysis.R#L921   num_nodes <- length(igraph::V(g_string ...
R/analysis.R#L922   threshold_deg <- if (num_nodes > top_n ...
R/analysis.R#L923   igraph::V(g_string)$label_text <- ifel ...
R/analysis.R#L925   p_ppi <- ggraph::ggraph(g_string, layo ...
R/analysis.R#L929       repel = TRUE, size = 3.5, max.over ...
R/analysis.R#L930       fontface = "bold", bg.color = "whi ...
R/analysis.R#L937       title = paste0("PPI Network: ", cu ...
R/analysis.R#L938       subtitle = paste0("Nodes: ", num_n ...
R/analysis.R#L941   ggsave(file.path(out_dir, paste0(curre ...
R/analysis.R#L959   message("\n>>> Plotting Summary GO Lol ...
R/analysis.R#L960   final_go_df <- do.call(rbind, all_go_r ...
R/analysis.R#L961   final_go_df$logP <- -log10(final_go_df ...
R/analysis.R#L963   max_logp <- max(final_go_df$logP, na.r ...
R/analysis.R#L964   max_count <- max(final_go_df$Count, na ...
R/analysis.R#L965   scale_f <- max_logp / max_count * 1.0 ...
R/analysis.R#L967   final_go_df <- final_go_df %>% ...
R/analysis.R#L972   final_go_df$Description_unique <- fact ...
R/analysis.R#L974   p_go_dual <- ggplot(final_go_df, aes(y ...
R/analysis.R#L980       name = expression(-log[10](p - val ...
R/analysis.R#L981       sec.axis = sec_axis(~ . / scale_f, ...
R/analysis.R#L988       axis.text.y = element_text(size =  ...
R/analysis.R#L989       axis.text.x.bottom = element_text( ...
R/analysis.R#L990       axis.text.x.top = element_text(col ...
R/analysis.R#L991       axis.title.x.top = element_text(co ...
R/analysis.R#L992       axis.line = element_line(size = 0. ...
R/analysis.R#L993       panel.grid.major.y = element_line( ...
R/analysis.R#L994       legend.position = "none" ...
R/analysis.R#L998   plot_height <- max(6, length(unique(fi ...
R/analysis.R#L999   ggsave(file.path(out_dir, paste0(base_ ...
R/annotation.R#L4   if (grepl("Promoter", anno_str, ignore ...
R/annotation.R#L6   } ...
R/annotation.R#L7   if (grepl("Distal Intergenic", anno_st ...
R/annotation.R#L9   } ...
R/annotation.R#L10   return("G") ...
R/annotation.R#L15   if ("annotation" %in% colnames(df)) { ...
R/annotation.R#L17       dplyr::rename(detail_anno = annota ...
R/annotation.R#L18       dplyr::mutate(annotation = gsub("  ...
R/annotation.R#L19       dplyr::relocate(annotation, .befor ...
R/annotation.R#L20   } ...
R/annotation.R#L21   return(df) ...
R/annotation.R#L104   bedpe_file, ...
R/annotation.R#L105   target_bed = NULL, ...
R/annotation.R#L106   species = "hg38", ...
R/annotation.R#L107   tss_region = c(-2000, 2000), ...
R/annotation.R#L108   out_dir = "./results", ...
R/annotation.R#L109   project_name = "HiChIP", ...
R/annotation.R#L110   color_palette = "Set2", ...
R/annotation.R#L111   karyo_bin_size = 1e5 ...
R/annotation.R#L113   if (!dir.exists(out_dir)) dir.create(o ...
R/annotation.R#L115   # Load DBs ...
R/annotation.R#L116   if (species == "hg38") { ...
R/annotation.R#L119   } else if (species == "hg19") { ...
R/annotation.R#L122   } else if (species == "mm10") { ...
R/annotation.R#L125   } else if (species == "mm9") { ...
R/annotation.R#L128   } else { ...
R/annotation.R#L130   } ...
R/annotation.R#L132   txdb_obj <- get(txdb_pkg) ...
R/annotation.R#L134   # Step 1: Read loops ...
R/annotation.R#L135   message("Step 1: Reading BEDPE file... ...
R/annotation.R#L136   loops <- read_robust_general(bedpe_fil ...
R/annotation.R#L137   colnames(loops)[seq_len(6)] <- c("chr1 ...
R/annotation.R#L138   n_input_loops <- nrow(loops) ...
R/annotation.R#L139   message("    >>> Raw Input Loops: ", p ...
R/annotation.R#L141   # Construct Anchors & Clustering ...
R/annotation.R#L142   anchors <- dplyr::bind_rows(loops %>%  ...
R/annotation.R#L145   loops <- loops %>% ...
R/annotation.R#L149   message("Step 2: Clustering loops...") ...
R/annotation.R#L150   valid_loops <- loops %>% dplyr::filter ...
R/annotation.R#L151   g <- igraph::graph_from_data_frame(val ...
R/annotation.R#L152   comp <- igraph::components(g) ...
R/annotation.R#L153   anchors$cluster_id <- NA ...
R/annotation.R#L154   comm <- intersect(anchors$anchor_id, n ...
R/annotation.R#L155   if (length(comm) > 0) anchors$cluster_ ...
R/annotation.R#L156   anchors <- anchors %>% dplyr::filter(! ...
R/annotation.R#L157   loops <- loops %>% dplyr::left_join(an ...
R/annotation.R#L159   # Force unique names for Cluster Regio ...
R/annotation.R#L160   gr_anchors <- GenomicRanges::makeGRang ...
R/annotation.R#L161   gr_list <- GenomicRanges::GRangesList( ...
R/annotation.R#L162   cluster_regions <- unlist(GenomicRange ...
R/annotation.R#L163   cluster_regions$cluster_id <- names(cl ...
R/annotation.R#L164   names(cluster_regions) <- paste0("peak ...
R/annotation.R#L166   # Step 3: Classification ...
R/annotation.R#L167   message("Step 3: Biological Classifica ...
R/annotation.R#L168   anchor_anno <- ChIPseeker::annotatePea ...
R/annotation.R#L169   anchor_anno_df <- format_annotation_co ...
R/annotation.R#L170   anchor_anno_df$type_code <- vapply( ...
R/annotation.R#L174   ) ...
R/annotation.R#L175   map_info <- anchor_anno_df %>% dplyr:: ...
R/annotation.R#L176   loops_annotated <- loops %>% ...
R/annotation.R#L180   classify_and_target <- function(t1, t2 ...
R/annotation.R#L182       return(list(type = "Unknown", gene ...
R/annotation.R#L189   } ...
R/annotation.R#L190   res_list <- apply(loops_annotated, 1,  ...
R/annotation.R#L191   loops_annotated$loop_type <- vapply( ...
R/annotation.R#L195   ) ...
R/annotation.R#L196   loops_annotated$loop_gene <- vapply( ...
R/annotation.R#L200   ) ...
R/annotation.R#L202   loop_annotation_final <- loops_annotat ...
R/annotation.R#L204   # Step 4: Aggregation ...
R/annotation.R#L205   message("Step 4: Aggregating Cluster A ...
R/annotation.R#L206   extract_genes <- function(genes_vec) { ...
R/annotation.R#L208   } ...
R/annotation.R#L209   agg_cluster <- loops_annotated %>% ...
R/annotation.R#L215   gene_annot <- ChIPseeker::annotatePeak ...
R/annotation.R#L216   cluster_info <- format_annotation_colu ...
R/annotation.R#L218   # [Renaming 1] GENENAME -> Gene_descri ...
R/annotation.R#L219   if ("GENENAME" %in% colnames(cluster_i ...
R/annotation.R#L221   cluster_info$cluster_id <- as.characte ...
R/annotation.R#L222   cluster_info <- dplyr::left_join(clust ...
R/annotation.R#L224   # ==================================== ...
R/annotation.R#L225   # Step 5: Target Analysis (Lightweight ...
R/annotation.R#L226   # ==================================== ...
R/annotation.R#L227   bed_info <- NULL ...
R/annotation.R#L228   target_connected_loops <- NULL ...
R/annotation.R#L230   if (!is.null(target_bed)) { ...
R/annotation.R#L250       hit_cluster_ids <- unique(cluster_ ...
R/annotation.R#L251       message("    >>> Found overlaps wi ...
R/annotation.R#L253       # 仅提取 Loop 用于画图，不生成详细连接表，不写 CSV ...
R/annotation.R#L254       target_connected_loops <- loop_ann ...
R/annotation.R#L264       dplyr::group_by(qid) %>% ...
R/annotation.R#L265       dplyr::summarise(all_annoted_gene  ...
R/annotation.R#L266       dplyr::mutate(join_id = paste0("Pe ...
R/annotation.R#L269       dplyr::select(-any_of(c("join_id", ...
R/annotation.R#L270   } ...
R/annotation.R#L272   # Step 6: Visualization ...
R/annotation.R#L273   message("Step 6: Generating Visualizat ...
R/annotation.R#L274   plot_df <- loop_annotation_final ...
R/annotation.R#L275   loop_types_sorted <- sort(unique(plot_ ...
R/annotation.R#L276   if (!exists("get_colors")) stop("Helpe ...
R/annotation.R#L277   custom_colors <- get_colors(length(loo ...
R/annotation.R#L278   names(custom_colors) <- loop_types_sor ...
R/annotation.R#L280   if (exists("draw_rose_plot")) try(draw ...
R/annotation.R#L281   if (exists("draw_circular_bar_plot"))  ...
R/annotation.R#L283   # Karyotype ...
R/annotation.R#L284   unique_loop_genes <- plot_df %>% ...
R/annotation.R#L290   unique_loop_genes <- unique_loop_genes ...
R/annotation.R#L291   if (length(unique_loop_genes) > 0 && e ...
R/annotation.R#L297   } ...
R/annotation.R#L299   # Anchor Load ...
R/annotation.R#L300   a1_coords <- plot_df %>% dplyr::select ...
R/annotation.R#L301   a2_coords <- plot_df %>% dplyr::select ...
R/annotation.R#L302   all_anchors <- dplyr::bind_rows(a1_coo ...
R/annotation.R#L303   if (nrow(all_anchors) > 0 && exists("d ...
R/annotation.R#L306   } ...
R/annotation.R#L308   # Flower ...
R/annotation.R#L309   temp_df_flower <- plot_df %>% ...
R/annotation.R#L314   gene_sets <- split(temp_df_flower$loop ...
R/annotation.R#L315   gene_sets <- lapply(gene_sets, unique) ...
R/annotation.R#L316   if (length(gene_sets) > 1 && exists("d ...
R/annotation.R#L318   # Target Visualization ...
R/annotation.R#L319   if (!is.null(bed_info)) { ...
R/annotation.R#L329       try(draw_target_loop_donut(target_ ...
R/annotation.R#L331   } ...
R/annotation.R#L333   # Step 7: Export ...
R/annotation.R#L334   message("Step 7: Exporting to Excel... ...
R/annotation.R#L335   tryCatch( ...
R/annotation.R#L337       wb <- openxlsx::createWorkbook() ...
R/annotation.R#L338       openxlsx::addWorksheet(wb, "Loop A ...
R/annotation.R#L339       openxlsx::writeData(wb, "Loop Anno ...
R/annotation.R#L340       openxlsx::addWorksheet(wb, "Cluste ...
R/annotation.R#L341       openxlsx::writeData(wb, "Cluster A ...
R/annotation.R#L342       if (!is.null(bed_info)) { ...
R/annotation.R#L345       } ...
R/annotation.R#L346       # No Link Sheet Generated ...
R/annotation.R#L347       openxlsx::saveWorkbook(wb, file.pa ...
R/annotation.R#L348       message("    Excel file saved.") ...
R/annotation.R#L351   ) ...
R/annotation.R#L353   message("✅ Analysis Complete. Results  ...
R/annotation.R#L354   return(list(loop_annotation = loop_ann ...
R/annotation.R#L467   # --- 1. 加载数据 --- ...
R/annotation.R#L468   message(">>> [Step 1] Loading Data..." ...
R/annotation.R#L470   # 读取 Loop 数据 ...
R/annotation.R#L471   if (is.null(annotation_res$loop_annota ...
R/annotation.R#L472   loop_df <- annotation_res$loop_annotat ...
R/annotation.R#L474   # 读取表达矩阵 ...
R/annotation.R#L475   if (!file.exists(expr_matrix_file)) st ...
R/annotation.R#L476   d <- tryCatch(read.table(expr_matrix_f ...
R/annotation.R#L477   if (is.null(d)) d <- tryCatch(read.tab ...
R/annotation.R#L478   expr_mat <- d ...
R/annotation.R#L480   # 处理样本列 ...
R/annotation.R#L481   if (is.character(sample_columns)) { ...
R/annotation.R#L483   } else { ...
R/annotation.R#L485   } ...
R/annotation.R#L487   # 计算活跃基因白名单 ...
R/annotation.R#L488   vals <- if (ncol(sub_mat) > 1) rowMean ...
R/annotation.R#L489   whitelist <- names(vals)[vals > thresh ...
R/annotation.R#L490   message("    >>> Active Genes: ", leng ...
R/annotation.R#L492   # --- 2. 核心重分类 (Reclassification) --- ...
R/annotation.R#L493   message(">>> [Step 2] Reclassifying Lo ...
R/annotation.R#L495   check_anc <- function(g, t, allow = wh ...
R/annotation.R#L501       return(list(type = t_char, gene =  ...
R/annotation.R#L505   } ...
R/annotation.R#L507   a1 <- mapply(check_anc, loop_df$anchor ...
R/annotation.R#L508   a2 <- mapply(check_anc, loop_df$anchor ...
R/annotation.R#L510   loop_df$functional_anchor1_type <- vap ...
R/annotation.R#L511   loop_df$functional_anchor2_type <- vap ...
R/annotation.R#L513   reclass <- function(t1, t2, s1, s2) { ...
R/annotation.R#L522   } ...
R/annotation.R#L524   res_list <- mapply( ...
R/annotation.R#L531   ) ...
R/annotation.R#L532   loop_df$functional_type <- vapply(res_ ...
R/annotation.R#L533   loop_df$functional_genes <- vapply(res ...
R/annotation.R#L535   # --- 3. 聚合 Cluster 信息 --- ...
R/annotation.R#L536   message(">>> [Step 3] Updating Cluster ...
R/annotation.R#L538   agg_cluster <- loop_df %>% ...
R/annotation.R#L542       expressed_genes_Total = paste(uniq ...
R/annotation.R#L546   clust_info <- annotation_res$cluster_a ...
R/annotation.R#L547   if ("GENENAME" %in% colnames(clust_inf ...
R/annotation.R#L548   clust_info <- left_join(clust_info, ag ...
R/annotation.R#L550   # --- 3.5 Target Integration --- ...
R/annotation.R#L551   message(">>> [Step 3.5] Integrating Ta ...
R/annotation.R#L553   bed_info <- NULL ...
R/annotation.R#L554   target_connected_loops <- NULL ...
R/annotation.R#L556   # Define DB names for later use ...
R/annotation.R#L557   txdb_pkg_name <- if (grepl("mm", speci ...
R/annotation.R#L558   org_db_name <- if (grepl("mm", species ...
R/annotation.R#L560   if (!is.null(target_bed) && file.exist ...
R/annotation.R#L563       colnames(bed_raw)[c(1,2,3)] <- c(" ...
R/annotation.R#L565       stop("Target BED file must have at ...
R/annotation.R#L573       message("TxDb package ", txdb_pkg_ ...
R/annotation.R#L574       bed_annot <- as.data.frame(gr_targ ...
R/annotation.R#L576       bed_annot <- ChIPseeker::annotateP ...
R/annotation.R#L577       bed_annot <- as.data.frame(bed_ann ...
R/annotation.R#L584       gr_clusters <- makeGRangesFromData ...
R/annotation.R#L585       hits <- findOverlaps(gr_target, gr ...
R/annotation.R#L587       if (length(hits) > 0) { ...
R/annotation.R#L590           filter(cluster_id %in% hit_cid ...
R/annotation.R#L591           mutate(loop_type = functional_ ...
R/annotation.R#L597           inner_join(agg_cluster %>% sel ...
R/annotation.R#L598           filter(expressed_genes_Total ! ...
R/annotation.R#L599           group_by(input_id) %>% ...
R/annotation.R#L600           summarise( ...
R/annotation.R#L602           ) ...
R/annotation.R#L607       } else { ...
R/annotation.R#L610       } ...
R/annotation.R#L612   } else { ...
R/annotation.R#L616   } ...
R/annotation.R#L618   # --- 4. 可视化 --- ...
R/annotation.R#L619   message(">>> [Step 4] Visualization... ...
R/annotation.R#L620   if (!dir.exists(out_dir)) dir.create(o ...
R/annotation.R#L622   plot_df <- loop_df %>% mutate(loop_typ ...
R/annotation.R#L624   if (!exists("get_colors")) stop("Helpe ...
R/annotation.R#L625   colors <- get_colors(length(unique(plo ...
R/annotation.R#L626   names(colors) <- sort(unique(plot_df$l ...
R/annotation.R#L628   if (exists("draw_comparison_bar")) try ...
R/annotation.R#L629   if (exists("draw_rose_plot")) try(draw ...
R/annotation.R#L630   if (exists("draw_circular_bar_plot"))  ...
R/annotation.R#L632   # === [NEW] KaryoploteR Visualizations ...
R/annotation.R#L633   message("    Plotting KaryoploteR Maps ...
R/annotation.R#L635   # Ensure TxDb object is loaded for Kar ...
R/annotation.R#L636   if(requireNamespace(txdb_pkg_name, qui ...
R/annotation.R#L641       dplyr::filter(!is.na(loop_genes) & ...
R/annotation.R#L642       tidyr::separate_rows(loop_genes, s ...
R/annotation.R#L643       dplyr::pull(loop_genes) %>% ...
R/annotation.R#L644       unique() %>% ...
R/annotation.R#L645       trimws() ...
R/annotation.R#L649       all_genes_gr <- GenomicFeatures::g ...
R/annotation.R#L650       # Map Symbols ...
R/annotation.R#L651       if(requireNamespace(org_db_name, q ...
R/annotation.R#L657       } ...
R/annotation.R#L666       gr_anchors_plot <- GenomicRanges:: ...
R/annotation.R#L667       try(draw_karyo_heatmap_internal(gr ...
R/annotation.R#L669   } else { ...
R/annotation.R#L671   } ...
R/annotation.R#L673   # === Target Plots (Inline Logic) === ...
R/annotation.R#L674   if (!is.null(bed_info)) { ...
R/annotation.R#L678       t_col <- if ("all_annotated_gene"  ...
R/annotation.R#L679       if (t_col %in% colnames(bed_info)) ...
R/annotation.R#L685           mutate(is_con = nchar(.data[[t ...
R/annotation.R#L686           mutate(Status = ifelse(is_con, ...
R/annotation.R#L687           group_by(Status) %>% ...
R/annotation.R#L688           summarise(Count = n()) %>% ...
R/annotation.R#L689           mutate(Pct = Count / sum(Count ...
R/annotation.R#L692           geom_col(width = 0.6, color =  ...
R/annotation.R#L693           geom_text(aes(label = paste0(C ...
R/annotation.R#L694           scale_fill_brewer(palette = "P ...
R/annotation.R#L695           theme_classic() + ...
R/annotation.R#L696           labs(title = paste0(project_na ...
R/annotation.R#L697           scale_y_continuous(expand = ex ...
R/annotation.R#L699       } ...
R/annotation.R#L703       message("    Plotting Target Donut ...
R/annotation.R#L704       try({ ...
R/annotation.R#L706           group_by(loop_type) %>% ...
R/annotation.R#L707           summarise(Count = n()) %>% ...
R/annotation.R#L708           mutate(Pct = Count / sum(Count ...
R/annotation.R#L709           arrange(desc(loop_type)) ...
R/annotation.R#L716           geom_rect(color = "white") + ...
R/annotation.R#L717           geom_text(x = 3.5, aes(y = lab ...
R/annotation.R#L718           coord_polar(theta = "y") + ...
R/annotation.R#L719           xlim(c(2, 4.5)) + ...
R/annotation.R#L720           scale_fill_manual(values = col ...
R/annotation.R#L721           theme_void() + ...
R/annotation.R#L722           annotate("text", x = 0, y = 0, ...
R/annotation.R#L724       }) ...
R/annotation.R#L726   } ...
R/annotation.R#L729   message(">>> [Step 5] Exporting...") ...
R/annotation.R#L730   tryCatch({ ...
R/annotation.R#L737       openxlsx::addWorksheet(wb, "Target ...
R/annotation.R#L738       openxlsx::writeData(wb, "Target An ...
R/annotation.R#L742   }, ...
R/annotation.R#L743   error = function(e) message("    Expor ...
R/annotation.R#L744   ) ...
R/annotation.R#L746   message("Done. Output: ", out_dir) ...
R/annotation.R#L747   return(list(loop_annotation = plot_df, ...
R/data_processing.R#L43   # Robust read with fallback ...
R/data_processing.R#L44   df <- tryCatch( ...
R/data_processing.R#L46       data.table::fread(bedpe_file, head ...
R/data_processing.R#L49       data.table::fread(bedpe_file, head ...
R/data_processing.R#L51   ) ...
R/data_processing.R#L53   if (ncol(df) < 6) { ...
R/data_processing.R#L55   } ...
R/data_processing.R#L57   df <- as.data.frame(df) ...
R/data_processing.R#L59   # Normalize anchor order: ensure (chr1 ...
R/data_processing.R#L60   swap <- (df[, 1] > df[, 4]) | (df[, 1] ...
R/data_processing.R#L61   if (any(swap)) { ...
R/data_processing.R#L63   } ...
R/data_processing.R#L65   gr1 <- GenomicRanges::GRanges(df[, 1], ...
R/data_processing.R#L66   gr2 <- GenomicRanges::GRanges(df[, 4], ...
R/data_processing.R#L68   gi <- InteractionSet::GInteractions(gr ...
R/data_processing.R#L70   # Smart Score Detection ...
R/data_processing.R#L71   final_scores <- rep(0, nrow(df)) ...
R/data_processing.R#L72   found <- FALSE ...
R/data_processing.R#L74   if (ncol(df) >= 8) { ...
R/data_processing.R#L77       final_scores <- v8 ...
R/data_processing.R#L78       found <- TRUE ...
R/data_processing.R#L80   } ...
R/data_processing.R#L81   if (!found && ncol(df) >= 7) { ...
R/data_processing.R#L84       final_scores <- v7 ...
R/data_processing.R#L86   } ...
R/data_processing.R#L88   final_scores[is.na(final_scores)] <- 0 ...
R/data_processing.R#L89   S4Vectors::mcols(gi)$score <- final_sc ...
R/data_processing.R#L91   return(gi) ...
R/data_processing.R#L136   if (length(gi) == 0) { ...
R/data_processing.R#L138   } ...
R/data_processing.R#L140   dt <- gi_to_dt(gi) ...
R/data_processing.R#L141   dt <- cluster_loops_dt(dt, gap) ...
R/data_processing.R#L142   reduced_dt <- reduce_clusters_dt(dt) ...
R/data_processing.R#L143   gi_red <- dt_to_gi(reduced_dt) ...
R/data_processing.R#L145   list(gi = gi_red, membership = dt$clus ...
R/data_processing.R#L175   if (is.null(bed_file)) { ...
R/data_processing.R#L177   } ...
R/data_processing.R#L178   if (!file.exists(bed_file)) { ...
R/data_processing.R#L180   } ...
R/data_processing.R#L182   df <- data.table::fread(bed_file, head ...
R/data_processing.R#L183   GenomicRanges::GRanges(df$V1, IRanges: ...
R/data_processing.R#L271   files = NULL, ...
R/data_processing.R#L272   gap = 1000, ...
R/data_processing.R#L273   mode = c("reproducible", "intersect",  ...
R/data_processing.R#L274   min_reproducible = NULL, ...
R/data_processing.R#L275   min_score = NULL, ...
R/data_processing.R#L276   blacklist_species = NULL, ...
R/data_processing.R#L277   target_bed_file = NULL, ...
R/data_processing.R#L278   out_file = NULL ...
R/data_processing.R#L280   stopifnot(length(files) >= 2) ...
R/data_processing.R#L281   mode <- match.arg(mode) ...
R/data_processing.R#L282   n_reps <- length(files) ...
R/data_processing.R#L284   message(">>> Reading BEDPE files") ...
R/data_processing.R#L285   gi_list <- lapply(files, bedpe_to_gi) ...
R/data_processing.R#L287   for (i in seq_along(gi_list)) { ...
R/data_processing.R#L290   } ...
R/data_processing.R#L292   result_gi <- NULL ...
R/data_processing.R#L294   # ==================================== ...
R/data_processing.R#L295   # PATH A: STRICT INTERSECT (No Cluster ...
R/data_processing.R#L296   # ==================================== ...
R/data_processing.R#L297   if (mode == "intersect") { ...
R/data_processing.R#L306       if (length(current_gi) == 0) break ...
R/data_processing.R#L308       message("    Intersecting with Fil ...
R/data_processing.R#L310       # Use S4 findOverlaps for robust g ...
R/data_processing.R#L311       hits <- InteractionSet::findOverla ...
R/data_processing.R#L316       ) ...
R/data_processing.R#L318       # Keep only loops in current_gi th ...
R/data_processing.R#L319       keep_idx <- unique(S4Vectors::quer ...
R/data_processing.R#L320       current_gi <- current_gi[keep_idx] ...
R/data_processing.R#L334   } else { ...
R/data_processing.R#L348       if (is.null(min_reproducible)) { ...
R/data_processing.R#L350           min_reproducible <- 2 ...
R/data_processing.R#L352           # > 75% logic ...
R/data_processing.R#L353           min_reproducible <- floor(0.75 ...
R/data_processing.R#L355       } ...
R/data_processing.R#L356       message(">>> Reproducible mode: Ke ...
R/data_processing.R#L357       reduced_dt <- reduced_dt[n_reps >= ...
R/data_processing.R#L359       message(">>> Union mode: Keeping a ...
R/data_processing.R#L363   } ...
R/data_processing.R#L365   # ==================================== ...
R/data_processing.R#L366   # POST-PROCESSING (Filters & Output) ...
R/data_processing.R#L367   # ==================================== ...
R/data_processing.R#L369   # Score Filter ...
R/data_processing.R#L370   if (!is.null(min_score)) { ...
R/data_processing.R#L373   } ...
R/data_processing.R#L375   # Blacklist Filter ...
R/data_processing.R#L376   if (!is.null(blacklist_species)) { ...
R/data_processing.R#L378       "hg38" = "hg38-blacklist.v2.bed", ...
R/data_processing.R#L379       "hg19" = "hg19-blacklist.v2.bed", ...
R/data_processing.R#L380       "mm10" = "mm10-blacklist.v2.bed", ...
R/data_processing.R#L381       "mm9"  = "mm9-blacklist.v2.bed" ...
R/data_processing.R#L385       blacklist_path <- system.file("ext ...
R/data_processing.R#L388       blacklist_path <- blacklist_specie ...
R/data_processing.R#L391       message(">>> Filtering blacklist:  ...
R/data_processing.R#L392       bl <- read_simple_bed(blacklist_pa ...
R/data_processing.R#L393       h1 <- InteractionSet::findOverlaps ...
R/data_processing.R#L394       h2 <- InteractionSet::findOverlaps ...
R/data_processing.R#L395       bad <- unique(c(S4Vectors::queryHi ...
R/data_processing.R#L396       if (length(bad)) result_gi <- resu ...
R/data_processing.R#L398       warning("Blacklist file not found: ...
R/data_processing.R#L400   } ...
R/data_processing.R#L402   # Target Region Filter ...
R/data_processing.R#L403   if (!is.null(target_bed_file)) { ...
R/data_processing.R#L406       tg <- read_simple_bed(target_bed_f ...
R/data_processing.R#L407       h1 <- InteractionSet::findOverlaps ...
R/data_processing.R#L408       h2 <- InteractionSet::findOverlaps ...
R/data_processing.R#L409       keep <- unique(c(S4Vectors::queryH ...
R/data_processing.R#L410       result_gi <- result_gi[keep] ...
R/data_processing.R#L412       warning("Target BED file not found ...
R/data_processing.R#L414   } ...
R/data_processing.R#L416   # Output to file ...
R/data_processing.R#L417   if (!is.null(out_file)) { ...
R/data_processing.R#L422       chr1 = GenomicRanges::seqnames(a1) ...
R/data_processing.R#L423       start1 = GenomicRanges::start(a1), ...
R/data_processing.R#L424       end1 = GenomicRanges::end(a1), ...
R/data_processing.R#L425       chr2 = GenomicRanges::seqnames(a2) ...
R/data_processing.R#L426       start2 = GenomicRanges::start(a2), ...
R/data_processing.R#L427       end2 = GenomicRanges::end(a2), ...
R/data_processing.R#L428       name = ".", ...
R/data_processing.R#L429       score = round(S4Vectors::mcols(res ...
R/data_processing.R#L430       n_members = if (!is.null(S4Vectors ...
R/data_processing.R#L431       stringsAsFactors = FALSE ...
R/data_processing.R#L436       sep = "\t", ...
R/data_processing.R#L437       row.names = FALSE, col.names = FAL ...
R/data_processing.R#L440   } ...
R/data_processing.R#L442   message("inished! Final loops: ", leng ...
R/data_processing.R#L443   result_gi ...
R/data_processing.R#L450   a1 <- InteractionSet::anchors(gi, "fir ...
R/data_processing.R#L451   a2 <- InteractionSet::anchors(gi, "sec ...
R/data_processing.R#L453   data.table::data.table( ...
R/data_processing.R#L461       S4Vectors::mcols(gi)$score ...
R/data_processing.R#L463       0 ...
R/data_processing.R#L466       S4Vectors::mcols(gi)$source ...
R/data_processing.R#L468       1L ...
R/data_processing.R#L470   ) ...
R/data_processing.R#L474   dt[, list( ...
R/data_processing.R#L484   ), by = cluster] ...
R/data_processing.R#L488   gr1 <- GenomicRanges::GRanges( ...
R/data_processing.R#L490   ) ...
R/data_processing.R#L491   gr2 <- GenomicRanges::GRanges( ...
R/data_processing.R#L493   ) ...
R/data_processing.R#L495   gi <- InteractionSet::GInteractions(gr ...
R/data_processing.R#L496   S4Vectors::mcols(gi)$cluster_id <- dt$ ...
R/data_processing.R#L497   S4Vectors::mcols(gi)$n_members <- dt$n ...
R/data_processing.R#L498   S4Vectors::mcols(gi)$score <- dt$score ...
R/data_processing.R#L499   S4Vectors::mcols(gi)$n_reps <- dt$n_re ...
R/data_processing.R#L500   gi ...
R/data_processing.R#L504   dt[, idx := .I] ...
R/data_processing.R#L505   dt[, `:=`( ...
R/data_processing.R#L510   )] ...
R/data_processing.R#L512   hits <- dt[dt, on = .( ...
R/data_processing.R#L519   ), nomatch = NULL, allow.cartesian = T ...
R/data_processing.R#L521   edges <- hits[idx < i.idx, .(from = id ...
R/data_processing.R#L523   g <- igraph::make_empty_graph(n = nrow ...
R/data_processing.R#L524   if (nrow(edges) > 0) { ...
R/data_processing.R#L527   } ...
R/data_processing.R#L529   comp <- igraph::components(g) ...
R/data_processing.R#L530   dt[, cluster := comp$membership] ...
R/data_processing.R#L531   dt[, `:=`(idx = NULL, a1_l = NULL, a1_ ...
R/data_processing.R#L532   dt ...
R/data_processing.R#L536   utils::globalVariables(c( ...
R/data_processing.R#L541   )) ...
R/data_processing.R#L590   shape <- match.arg(shape) ...
R/data_processing.R#L592   # 1. Parse Region ...
R/data_processing.R#L593   reg_gr <- .parse_region(region) ...
R/data_processing.R#L594   chr_name <- as.character(GenomicRanges ...
R/data_processing.R#L595   reg_start <- GenomicRanges::start(reg_ ...
R/data_processing.R#L596   reg_end <- GenomicRanges::end(reg_gr) ...
R/data_processing.R#L598   message(">>> Plotting region: ", regio ...
R/data_processing.R#L600   # 2. Filter Loops ...
R/data_processing.R#L601   hits <- InteractionSet::findOverlaps(g ...
R/data_processing.R#L602   if (length(hits) == 0) { ...
R/data_processing.R#L605   } ...
R/data_processing.R#L606   sub_gi <- gi[unique(S4Vectors::queryHi ...
R/data_processing.R#L608   # 3. Binning ...
R/data_processing.R#L609   a1 <- InteractionSet::anchors(sub_gi,  ...
R/data_processing.R#L610   a2 <- InteractionSet::anchors(sub_gi,  ...
R/data_processing.R#L611   scores <- if (!is.null(S4Vectors::mcol ...
R/data_processing.R#L613   dt <- data.table::data.table( ...
R/data_processing.R#L617   ) ...
R/data_processing.R#L618   dt[, `:=`(bin1 = floor(((s1 + e1) / 2  ...
R/data_processing.R#L619   dt[bin1 > bin2, c("bin1", "bin2") := l ...
R/data_processing.R#L621   max_bin <- floor((reg_end - reg_start) ...
R/data_processing.R#L622   dt <- dt[bin1 >= 0 & bin2 >= 0 & bin1  ...
R/data_processing.R#L624   # Aggregate ...
R/data_processing.R#L625   mat_dt <- dt[, .(value = sum(score)),  ...
R/data_processing.R#L627   # 4. Coordinate Calculation ...
R/data_processing.R#L628   mat_dt[, `:=`(x_rot = (bin1 + bin2) /  ...
R/data_processing.R#L630   if (!is.null(max_score)) mat_dt[value  ...
R/data_processing.R#L632   # === Shape Logic === ...
R/data_processing.R#L633   plot_layer <- NULL ...
R/data_processing.R#L635   if (shape == "diamond") { ...
R/data_processing.R#L638       x = c(x_rot, x_rot + 0.5, x_rot, x ...
R/data_processing.R#L639       y = c(y_rot + 0.5, y_rot, y_rot -  ...
R/data_processing.R#L640       value = value ...
R/data_processing.R#L644       data = poly_dt, ...
R/data_processing.R#L645       ggplot2::aes(x = x, y = y, fill =  ...
R/data_processing.R#L647   } else if (shape == "triangle") { ...
R/data_processing.R#L649       data = mat_dt, ...
R/data_processing.R#L650       ggplot2::aes(x = x_rot, y = y_rot, ...
R/data_processing.R#L651       shape = 17, size = 1.5 ...
R/data_processing.R#L653   } else { ...
R/data_processing.R#L655       data = mat_dt, ...
R/data_processing.R#L656       ggplot2::aes(x = x_rot, y = y_rot, ...
R/data_processing.R#L657       width = 1, height = 1 ...
R/data_processing.R#L659   } ...
R/data_processing.R#L661   # === 5. Border (Fix Overlap) === ...
R/data_processing.R#L662   # Expand border by 0.5 units to wrap A ...
R/data_processing.R#L663   expand <- 0.5 ...
R/data_processing.R#L664   triangle_border <- data.frame( ...
R/data_processing.R#L667   ) ...
R/data_processing.R#L669   max_h <- if (!is.null(ylim_bins)) ylim ...
R/data_processing.R#L670   coord_system <- ggplot2::coord_fixed(r ...
R/data_processing.R#L672   # 6. Assemble Plot ...
R/data_processing.R#L673   p <- ggplot2::ggplot() + ...
R/data_processing.R#L679       name = paste0(chr_name, " (Mb)"), ...
R/data_processing.R#L680       breaks = seq(0, max_bin, length.ou ...
R/data_processing.R#L681       labels = function(b) sprintf("%.2f ...
R/data_processing.R#L686       axis.line.y = ggplot2::element_bla ...
R/data_processing.R#L687       axis.text.y = ggplot2::element_bla ...
R/data_processing.R#L688       axis.ticks.y = ggplot2::element_bl ...
R/data_processing.R#L689       axis.title.y = ggplot2::element_bl ...
R/data_processing.R#L690       panel.border = ggplot2::element_bl ...
R/data_processing.R#L691       plot.title = ggplot2::element_text ...
R/data_processing.R#L692       legend.position = "right" ...
R/data_processing.R#L696   return(p) ...
R/data_processing.R#L701   parts <- strsplit(region_str, ":")[[1] ...
R/data_processing.R#L702   if (length(parts) != 2) stop("Invalid  ...
R/data_processing.R#L703   chrom <- parts[1] ...
R/data_processing.R#L704   coords <- strsplit(parts[2], "-")[[1]] ...
R/data_processing.R#L705   if (length(coords) != 2) stop("Invalid ...
R/data_processing.R#L706   return(GenomicRanges::GRanges(chrom, I ...
R/data_processing.R#L710   utils::globalVariables(c( ...
R/data_processing.R#L712   )) ...
R/utils.R#L14   if (length(palette_input) == 1 && pale ...
R/utils.R#L18   } else if (length(palette_input) >= 1) ...
R/utils.R#L20       return(rep(palette_input, length.o ...
R/utils.R#L23   } else { ...
R/utils.R#L25   } ...
R/utils.R#L52   standard_chroms <- paste0("chr", c(seq ...
R/utils.R#L53   if (grepl("mm", plot_species)) standar ...
R/utils.R#L55   std_seqinfo <- GenomeInfoDb::seqinfo(r ...
R/utils.R#L56   try( ...
R/utils.R#L58       GenomeInfoDb::seqlevelsStyle(gr_da ...
R/utils.R#L61   ) ...
R/utils.R#L63   existing <- intersect(GenomeInfoDb::se ...
R/utils.R#L64   if (length(existing) == 0) { ...
R/utils.R#L66   } ...
R/utils.R#L68   gr_data <- GenomeInfoDb::keepSeqlevels ...
R/utils.R#L69   GenomeInfoDb::seqlevels(gr_data) <- st ...
R/utils.R#L70   common <- intersect(GenomeInfoDb::seql ...
R/utils.R#L71   GenomeInfoDb::seqlengths(gr_data)[comm ...
R/utils.R#L72   valid_chroms <- intersect(standard_chr ...
R/utils.R#L74   if (length(valid_chroms) > 0) { ...
R/utils.R#L85       max_load <- 0 ...
R/utils.R#L86       S4Vectors::mcols(tiles)$color <- " ...
R/utils.R#L88       cutoff <- as.numeric(quantile(hits ...
R/utils.R#L89       if (is.na(cutoff) || cutoff < 1) c ...
R/utils.R#L90       max_load <- round(cutoff / bin_siz ...
R/utils.R#L91       capped <- ifelse(hits > cutoff, cu ...
R/utils.R#L92       col_func <- grDevices::colorRampPa ...
R/utils.R#L93       cols <- col_func(100) ...
R/utils.R#L94       idx <- ceiling((capped / cutoff) * ...
R/utils.R#L95       idx[idx == 0] <- 1 ...
R/utils.R#L96       S4Vectors::mcols(tiles)$color <- c ...
R/utils.R#L114       fields::image.plot(legend.only = T ...
R/utils.R#L118   } ...
R/utils.R#L144   # 1. Log transform ...
R/utils.R#L145   plot_data$log_expr <- log2(plot_data$e ...
R/utils.R#L147   # [关键优化 1] 数据去重 ...
R/utils.R#L148   # 确保每种 Loop Type 下，同一个基因只保留一行（只统计一次表达值 ...
R/utils.R#L149   # 这样 n= 显示的是基因数，而不是 Loop 数，图表分布也更真实 ...
R/utils.R#L150   plot_data_unique <- plot_data %>% ...
R/utils.R#L154   # [关键优化 2] 基于去重后的数据统计数量 ...
R/utils.R#L155   count_df <- plot_data_unique %>% ...
R/utils.R#L160   # 生成标签: "P-P\n(n=120)" ...
R/utils.R#L161   new_labels <- stats::setNames( ...
R/utils.R#L164   ) ...
R/utils.R#L166   # 3. Plotting (使用 plot_data_unique) ...
R/utils.R#L167   p <- ggplot2::ggplot(plot_data_unique, ...
R/utils.R#L176       axis.text.x = ggplot2::element_tex ...
R/utils.R#L177       panel.grid.major.x = ggplot2::elem ...
R/utils.R#L178       plot.title = ggplot2::element_text ...
R/utils.R#L179       legend.position = "none" ...
R/utils.R#L182       title = paste0(project_name, ": Ge ...
R/utils.R#L183       x = NULL, ...
R/utils.R#L184       y = paste0("Expression (Log2 ", un ...
R/utils.R#L187   ggplot2::ggsave(filename, p, width = 8 ...
R/utils.R#L188   message("    Saved (Violin): ", filena ...
R/utils.R#L189   return(p) ...
R/utils.R#L217   a1 <- loop_data %>% dplyr::select(type ...
R/utils.R#L218   a2 <- loop_data %>% dplyr::select(type ...
R/utils.R#L219   plot_data <- dplyr::bind_rows(a1, a2)  ...
R/utils.R#L227   source_colors <- c( ...
R/utils.R#L231   ) ...
R/utils.R#L232   avail_sources <- unique(plot_data$sour ...
R/utils.R#L233   final_colors <- source_colors[avail_so ...
R/utils.R#L234   if (any(is.na(final_colors))) { ...
R/utils.R#L237   } ...
R/utils.R#L239   plot_data$Label <- paste0(plot_data$Co ...
R/utils.R#L241   p <- ggplot(plot_data, aes(x = reorder ...
R/utils.R#L248       axis.text.x = element_text(angle = ...
R/utils.R#L249       axis.title.x = element_blank(), ...
R/utils.R#L250       plot.title = element_text(hjust =  ...
R/utils.R#L251       legend.position = "none" ...
R/utils.R#L254       title = paste0(project_name, ": Or ...
R/utils.R#L255       y = "Number of Anchors", ...
R/utils.R#L256       subtitle = "Breakdown of anchors c ...
R/utils.R#L258   ggsave(filename, p, width = 7, height  ...
R/utils.R#L259   message("    Saved (Enhancer Sources): ...
R/utils.R#L260   return(p) ...
R/utils.R#L277   rose_data <- data_df %>% ...
R/utils.R#L282   rose_data$Label <- paste0(rose_data$Co ...
R/utils.R#L284   p <- ggplot2::ggplot(rose_data, ggplot ...
R/utils.R#L292   ggplot2::ggsave(filename, p, width = 8 ...
R/utils.R#L293   message("    Saved: ", filename) ...
R/utils.R#L309   circ_data <- data_df %>% ...
R/utils.R#L318   # [Fix] Lock Factor Levels ...
R/utils.R#L319   circ_data$loop_type <- factor(circ_dat ...
R/utils.R#L320   if (nrow(circ_data) == 0) { ...
R/utils.R#L322   } ...
R/utils.R#L323   max_gene_count <- max(circ_data$Unique ...
R/utils.R#L325   p <- ggplot2::ggplot(circ_data, ggplot ...
R/utils.R#L336   ggplot2::ggsave(filename, p, width = 1 ...
R/utils.R#L337   message(" Saved: ", filename) ...
R/utils.R#L353   fmt_type <- function(x) { ...
R/utils.R#L355   } ...
R/utils.R#L356   df_compare <- dplyr::bind_rows( ...
R/utils.R#L359   ) %>% dplyr::mutate(Stage = factor(Sta ...
R/utils.R#L361   p <- ggplot2::ggplot(df_compare, ggplo ...
R/utils.R#L367   ggplot2::ggsave(filename, p, width = 8 ...
R/utils.R#L368   message("    Saved: ", filename) ...
R/utils.R#L384   # 1. 数据处理 & 简化类别 ...
R/utils.R#L385   plot_data <- bed_info %>% ...
R/utils.R#L393   # 2. [优化] 标签只保留 "数量 (百分比)" ...
R/utils.R#L394   # 逻辑: 如果占比 < 2% (0.02)，则标签设为空字符串 ""，防止 ...
R/utils.R#L395   plot_data <- plot_data %>% ...
R/utils.R#L397       Label_Text = paste0(Count, "\n(",  ...
R/utils.R#L398       Final_Label = ifelse(Percentage >= ...
R/utils.R#L401   # 3. 颜色准备 ...
R/utils.R#L402   n_groups <- nrow(plot_data) ...
R/utils.R#L403   if (!exists("get_colors")) custom_colo ...
R/utils.R#L405   # 4. 绘图 ...
R/utils.R#L406   p <- ggplot2::ggplot(plot_data, ggplot ...
R/utils.R#L414       ggplot2::aes(label = Final_Label), ...
R/utils.R#L415       position = ggplot2::position_stack ...
R/utils.R#L416       size = 3.5, ...
R/utils.R#L417       fontface = "bold", ...
R/utils.R#L418       color = "black" # 确保文字清晰 ...
R/utils.R#L425       plot.title = ggplot2::element_text ...
R/utils.R#L426       legend.position = "right", ...
R/utils.R#L427       legend.title = ggplot2::element_te ...
R/utils.R#L431   ggplot2::ggsave(filename, p, width = 9 ...
R/utils.R#L432   message("    Saved (Target Pie): ", fi ...
R/utils.R#L449   summary_df <- bed_info %>% ...
R/utils.R#L455   p1 <- ggplot2::ggplot(summary_df, ggpl ...
R/utils.R#L463   # 2. 如果有连接，展示连接的 Loop 类型 (需要一点复杂的数据处理， ...
R/utils.R#L464   # 这里我们简单统计 Connected 的 Peaks 的数量即可，作为  ...
R/utils.R#L466   ggplot2::ggsave(filename, p1, width =  ...
R/utils.R#L467   message("    Saved (Target Connectivit ...
R/utils.R#L484   # 1. 统计数据 ...
R/utils.R#L485   plot_data <- loop_data %>% ...
R/utils.R#L491   # 2. 构造标签 (包含数量和百分比) ...
R/utils.R#L492   plot_data$Label <- paste0( ...
R/utils.R#L495   ) ...
R/utils.R#L497   # 3. 计算累积位置 (用于标签定位) ...
R/utils.R#L498   plot_data$ymax <- cumsum(plot_data$Per ...
R/utils.R#L499   plot_data$ymin <- c(0, head(plot_data$ ...
R/utils.R#L500   plot_data$labelPosition <- (plot_data$ ...
R/utils.R#L502   # 4. 绘图 (Donut Chart) ...
R/utils.R#L503   p <- ggplot2::ggplot(plot_data, ggplot ...
R/utils.R#L514   ggplot2::ggsave(filename, p, width = 7 ...
R/utils.R#L515   message("    Saved (Target Donut): ",  ...
R/visualization.R#L81   # === 0. Configuration & Checks === ...
R/visualization.R#L82   if (!requireNamespace("ggforce", quiet ...
R/visualization.R#L83   if (!requireNamespace("GenomicFeatures ...
R/visualization.R#L84   if (!requireNamespace("AnnotationDbi", ...
R/visualization.R#L85   if (!requireNamespace("scales", quietl ...
R/visualization.R#L87   if (species == "hg38") { ...
R/visualization.R#L90   } else if (species == "hg19") { ...
R/visualization.R#L93   } else if (species == "mm10") { ...
R/visualization.R#L96   } else if (species == "mm9") { ...
R/visualization.R#L99   } else { ...
R/visualization.R#L101   } ...
R/visualization.R#L103   if (!requireNamespace(txdb_pkg, quietl ...
R/visualization.R#L104   if (!requireNamespace(org_db_pkg, quie ...
R/visualization.R#L106   txdb <- get(txdb_pkg) ...
R/visualization.R#L108   # === 1. Data Reading & Preprocessing  ...
R/visualization.R#L109   loops_raw <- read.table(bedpe_file, he ...
R/visualization.R#L110   colnames(loops_raw)[seq_len(6)] <- c(" ...
R/visualization.R#L112   # Score Auto-detect ...
R/visualization.R#L113   has_score <- FALSE ...
R/visualization.R#L114   if (ncol(loops_raw) >= 7) { ...
R/visualization.R#L116       nums <- as.numeric(x) ...
R/visualization.R#L117       return(sum(!is.na(nums)) / length( ...
R/visualization.R#L120       colnames(loops_raw)[8] <- "score" ...
R/visualization.R#L121       has_score <- TRUE ...
R/visualization.R#L123       colnames(loops_raw)[7] <- "score" ...
R/visualization.R#L124       has_score <- TRUE ...
R/visualization.R#L126   } ...
R/visualization.R#L128   loops <- loops_raw %>% ...
R/visualization.R#L130                   chr1 = as.character(ch ...
R/visualization.R#L133   # Score Filtering ...
R/visualization.R#L134   if (has_score) { ...
R/visualization.R#L137       loops <- loops %>% dplyr::filter(s ...
R/visualization.R#L138       if (nrow(loops) == 0) stop("All lo ...
R/visualization.R#L140   } ...
R/visualization.R#L142   if (is.null(chr)) { ...
R/visualization.R#L145   } ...
R/visualization.R#L146   loops_chr <- loops %>% dplyr::filter(c ...
R/visualization.R#L148   if (is.null(from)) from <- min(c(loops ...
R/visualization.R#L149   if (is.null(to)) to <- max(c(loops_chr ...
R/visualization.R#L151   # Viewport Filter: Keep if AT LEAST ON ...
R/visualization.R#L152   loops_view <- loops_chr %>% ...
R/visualization.R#L154       (end1 >= from & start1 <= to) | (e ...
R/visualization.R#L157   text_indent <- from + ((to - from) * 0 ...
R/visualization.R#L159   # === 2. Loop Data === ...
R/visualization.R#L160   anchor_ymin <- 0 ...
R/visualization.R#L161   anchor_ymax <- base_anchor_height ...
R/visualization.R#L163   bez_df <- data.frame() ...
R/visualization.R#L164   anchors <- data.frame() ...
R/visualization.R#L165   plot_ymax <- anchor_ymax + 0.5 ...
R/visualization.R#L167   if (nrow(loops_view) > 0) { ...
R/visualization.R#L169       loops_view %>% dplyr::transmute(ch ...
R/visualization.R#L170       loops_view %>% dplyr::transmute(ch ...
R/visualization.R#L174       dplyr::mutate(mid1 = (start1 + end ...
R/visualization.R#L177       d <- loops_calc[i, ] ...
R/visualization.R#L178       data.frame(loop_i = d$loop_i, x =  ...
R/visualization.R#L186       if (any(is.na(scores))) scores[is. ...
R/visualization.R#L187       if (use_alpha) { ...
R/visualization.R#L189           alphas <- rep(0.8, length(scor ...
R/visualization.R#L191           alphas <- scales::rescale(scor ...
R/visualization.R#L193       } else { ...
R/visualization.R#L195       } ...
R/visualization.R#L196       rgb_val <- col2rgb(base_col) ...
R/visualization.R#L197       rgb(rgb_val[1], rgb_val[2], rgb_va ...
R/visualization.R#L203   } ...
R/visualization.R#L205   # === 3. Overlap BED Data === ...
R/visualization.R#L206   overlap_df_plot <- NULL ...
R/visualization.R#L207   if (!is.null(target_bed)) { ...
R/visualization.R#L212       overlap_df_plot <- overlap_df_plot ...
R/visualization.R#L214   } ...
R/visualization.R#L216   # === 4. Gene Data === ...
R/visualization.R#L217   genes_gr <- GenomicFeatures::genes(txd ...
R/visualization.R#L218   genes_df <- as.data.frame(genes_gr) %> ...
R/visualization.R#L220   feature_df <- data.frame() ...
R/visualization.R#L221   if (nrow(genes_df) > 0) { ...
R/visualization.R#L224       { ...
R/visualization.R#L228       }, ...
R/visualization.R#L229       silent = TRUE ...
R/visualization.R#L248       dplyr::left_join(tx2gene, by = "tx ...
R/visualization.R#L249       dplyr::filter(gene_id %in% genes_d ...
R/visualization.R#L250       dplyr::filter(start < to & end > f ...
R/visualization.R#L253       longest_tx <- exons_joined %>% ...
R/visualization.R#L259       feature_df <- exons_joined %>% dpl ...
R/visualization.R#L260       feature_df <- dplyr::left_join(fea ...
R/visualization.R#L262   } ...
R/visualization.R#L264   # === 5. Gene Y Coordinates === ...
R/visualization.R#L265   gene_start_y <- -0.25 ...
R/visualization.R#L266   row_height <- 0.12 ...
R/visualization.R#L267   plot_ymin <- gene_start_y ...
R/visualization.R#L269   if (nrow(genes_df) > 0) { ...
R/visualization.R#L273       feature_df <- feature_df %>% dplyr ...
R/visualization.R#L275   } ...
R/visualization.R#L277   # === 6. Plotting === ...
R/visualization.R#L278   p <- ggplot() + ...
R/visualization.R#L283   if (!is.null(overlap_df_plot)) { ...
R/visualization.R#L285   } ...
R/visualization.R#L287   p <- p + annotate("text", x = text_ind ...
R/visualization.R#L290   if (!is.null(overlap_df_plot) && nrow( ...
R/visualization.R#L292   } ...
R/visualization.R#L294   if (nrow(genes_df) > 0) { ...
R/visualization.R#L296       geom_segment(data = genes_df, aes( ...
R/visualization.R#L299       p <- p + geom_rect(data = feature_ ...
R/visualization.R#L301       p <- p + geom_rect(data = genes_df ...
R/visualization.R#L305   } ...
R/visualization.R#L307   if (nrow(bez_df) > 0) { ...
R/visualization.R#L309       geom_rect(data = anchors, aes(xmin ...
R/visualization.R#L310       scale_fill_identity() + ...
R/visualization.R#L311       ggforce::geom_bezier(data = bez_df ...
R/visualization.R#L312       scale_color_identity() ...
R/visualization.R#L313   } ...
R/visualization.R#L315   p <- p + ...
R/visualization.R#L322   if (!is.null(save_file)) ggsave(save_f ...
R/visualization.R#L323   return(p) ...
R/visualization.R#L357   gene_lists <- gene_lists[vapply(gene_l ...
R/visualization.R#L358   n_groups <- length(gene_lists) ...
R/visualization.R#L359   if (n_groups < 2) { ...
R/visualization.R#L362   } ...
R/visualization.R#L363   group_names <- names(gene_lists) ...
R/visualization.R#L365   final_colors <- if (!is.null(names(gro ...
R/visualization.R#L367   } else { ...
R/visualization.R#L369   } ...
R/visualization.R#L370   if (any(is.na(final_colors))) final_co ...
R/visualization.R#L372   core_genes <- Reduce(intersect, gene_l ...
R/visualization.R#L373   core_count <- length(core_genes) ...
R/visualization.R#L375   petal_counts <- vapply(group_names, fu ...
R/visualization.R#L379   }, FUN.VALUE = integer(1)) ...
R/visualization.R#L381   center_x <- 0 ...
R/visualization.R#L382   center_y <- 0 ...
R/visualization.R#L383   ellipse_a <- 3.8 ...
R/visualization.R#L384   ellipse_b <- 1.6 ...
R/visualization.R#L385   r_offset <- 1.1 ...
R/visualization.R#L386   core_radius <- 1.4 ...
R/visualization.R#L388   get_ellipse <- function(angle_deg, cx, ...
R/visualization.R#L396   } ...
R/visualization.R#L398   plot_df <- data.frame() ...
R/visualization.R#L399   group_label_df <- data.frame() ...
R/visualization.R#L400   count_label_df <- data.frame() ...
R/visualization.R#L401   angles <- seq(90, 90 + 360 * (n_groups ...
R/visualization.R#L403   for (i in seq_len(n_groups)) { ...
R/visualization.R#L414   } ...
R/visualization.R#L416   p <- ggplot() + ...
R/visualization.R#L430   ggsave(filename, p, width = 9, height  ...
R/visualization.R#L431   message("    Saved (Simplified Flower  ...
R/visualization.R#L467   # 1. Check Dependency ...
R/visualization.R#L468   if (!requireNamespace("UpSetR", quietl ...
R/visualization.R#L470   } ...
R/visualization.R#L472   # 2. Data Preparation ...
R/visualization.R#L473   gene_lists <- gene_lists[vapply(gene_l ...
R/visualization.R#L474   if (length(gene_lists) < 2) { ...
R/visualization.R#L477   } ...
R/visualization.R#L479   # Convert list to UpSetR binary matrix ...
R/visualization.R#L480   input_data <- UpSetR::fromList(gene_li ...
R/visualization.R#L482   # Check if data is valid ...
R/visualization.R#L483   if (nrow(input_data) == 0 || ncol(inpu ...
R/visualization.R#L486   } ...
R/visualization.R#L488   # 3. Plotting (Capture Phase) ...
R/visualization.R#L489   # UpSetR draws as a side-effect. We us ...
R/visualization.R#L490   # everything it draws into a single "G ...
R/visualization.R#L491   # This prevents the "Blank PDF" issue  ...
R/visualization.R#L493   upset_grob <- tryCatch( ...
R/visualization.R#L495       grid::grid.grabExpr({ ...
R/visualization.R#L497           input_data, ...
R/visualization.R#L498           nsets = length(gene_lists), ...
R/visualization.R#L499           nintersects = 40, ...
R/visualization.R#L500           mb.ratio = c(0.55, 0.45), ...
R/visualization.R#L501           order.by = "freq", ...
R/visualization.R#L502           mainbar.y.label = "Gene Inters ...
R/visualization.R#L503           sets.x.label = "Set Size", ...
R/visualization.R#L504           text.scale = c(1.3, 1.3, 1, 1, ...
R/visualization.R#L506       }) ...
R/visualization.R#L509       warning("UpSetR plotting failed: " ...
R/visualization.R#L510       return(NULL) ...
R/visualization.R#L512   ) ...
R/visualization.R#L514   if (is.null(upset_grob)) { ...
R/visualization.R#L516   } ...
R/visualization.R#L518   # 4. Saving Phase (Draw Phase) ...
R/visualization.R#L519   # Now we simply draw the captured obje ...
R/visualization.R#L520   tryCatch( ...
R/visualization.R#L522       is_pdf <- grepl("\\.pdf$", filenam ...
R/visualization.R#L524       if (is_pdf) { ...
R/visualization.R#L526       } else { ...
R/visualization.R#L528       } ...
R/visualization.R#L530       # Explicitly draw the captured plo ...
R/visualization.R#L531       grid::grid.draw(upset_grob) ...
R/visualization.R#L533       grDevices::dev.off() ...
R/visualization.R#L534       message("    Saved (UpSet Plot): " ...
R/visualization.R#L537       try(grDevices::dev.off(), silent = ...
R/visualization.R#L538       message("    ⚠️ [UpSet Plot] Save  ...
R/visualization.R#L540   ) ...
R/visualization.R#L542   return(invisible(NULL)) ...
vignettes/introduction.Rmd#L12   collapse = TRUE, ...
vignettes/introduction.Rmd#L13   comment = "#>" ...
Checking if package already exists in CRAN... OK
Checking for bioc-devel mailing list subscription...
Cannot determine whether maintainer is subscribed to the Bioc-Devel mailing list (requires admin credentials). Subscribe here: https://stat.ethz.ch/mailman/listinfo/bioc-devel
Checking for support site registration... OK
